Standard Commons Logging discovery in action with spring-jcl: please remove commons-logging.jar from classpath in order to avoid potential conflicts
 _   _ ___    __             _                _          _  __      __ _
| | | |_ _|  / _|___ _ _    /_\  _ __ __ _ __| |_  ___  | |/ /__ _ / _| |_____
| |_| || |  |  _/ _ | '_|  / _ \| '_ / _` / _| ' \/ -_) | ' </ _` |  _| / / _`|
 \___/|___| |_| \___|_|   /_/ \_| .__\__,_\__|_||_\___| |_|\_\__,_|_| |_\_\__,|
                                 |_|                                             

[30m2024-08-23 10:28:54,987[0;39m [34mINFO [0;39m [[34mmain[0;39m] [33mc.p.k.u.KafkaUiApplication[0;39m: Starting KafkaUiApplication using Java 17.0.12 with PID 342015 (/home/npci-admin/Desktop/Shivam/kafka/kafka-ui/kafka-ui-api-v0.7.2.jar started by npci-admin in /home/npci-admin/Desktop/Shivam/kafka/kafka-ui)
[30m2024-08-23 10:28:54,988[0;39m [39mDEBUG[0;39m [[34mmain[0;39m] [33mc.p.k.u.KafkaUiApplication[0;39m: Running with Spring Boot v3.1.3, Spring v6.0.11
[30m2024-08-23 10:28:54,989[0;39m [34mINFO [0;39m [[34mmain[0;39m] [33mc.p.k.u.KafkaUiApplication[0;39m: No active profile set, falling back to 1 default profile: "default"
[30m2024-08-23 10:28:57,233[0;39m [39mDEBUG[0;39m [[34mmain[0;39m] [33mc.p.k.u.s.SerdesInitializer[0;39m: Configuring serdes for cluster training-kafka-cluster
[30m2024-08-23 10:28:57,808[0;39m [34mINFO [0;39m [[34mmain[0;39m] [33mo.s.b.a.s.r.ReactiveUserDetailsServiceAutoConfiguration[0;39m: 

Using generated security password: 55a61b6e-6366-4e89-abd7-8696c2480785

[30m2024-08-23 10:28:57,948[0;39m [31mWARN [0;39m [[34mmain[0;39m] [33mc.p.k.u.c.a.DisabledAuthSecurityConfig[0;39m: Authentication is disabled. Access will be unrestricted.
[30m2024-08-23 10:28:58,159[0;39m [34mINFO [0;39m [[34mmain[0;39m] [33mo.s.b.a.e.w.EndpointLinksResolver[0;39m: Exposing 3 endpoint(s) beneath base path '/actuator'
[30m2024-08-23 10:28:58,753[0;39m [34mINFO [0;39m [[34mmain[0;39m] [33mo.s.b.w.e.n.NettyWebServer[0;39m: Netty started on port 8080
[30m2024-08-23 10:28:58,780[0;39m [34mINFO [0;39m [[34mmain[0;39m] [33mc.p.k.u.KafkaUiApplication[0;39m: Started KafkaUiApplication in 4.33 seconds (process running for 4.937)
[30m2024-08-23 10:28:59,358[0;39m [39mDEBUG[0;39m [[34mparallel-2[0;39m] [33mc.p.k.u.s.ClustersStatisticsScheduler[0;39m: Start getting metrics for kafkaCluster: training-kafka-cluster
[30m2024-08-23 10:28:59,367[0;39m [34mINFO [0;39m [[34mparallel-2[0;39m] [33mo.a.k.c.a.AdminClientConfig[0;39m: AdminClientConfig values: 
	auto.include.jmx.reporter = true
	bootstrap.servers = [localhost:9092]
	client.dns.lookup = use_all_dns_ips
	client.id = kafka-ui-admin-1724389139-1
	connections.max.idle.ms = 300000
	default.api.timeout.ms = 60000
	metadata.max.age.ms = 300000
	metric.reporters = []
	metrics.num.samples = 2
	metrics.recording.level = INFO
	metrics.sample.window.ms = 30000
	receive.buffer.bytes = 65536
	reconnect.backoff.max.ms = 1000
	reconnect.backoff.ms = 50
	request.timeout.ms = 30000
	retries = 2147483647
	retry.backoff.ms = 100
	sasl.client.callback.handler.class = null
	sasl.jaas.config = null
	sasl.kerberos.kinit.cmd = /usr/bin/kinit
	sasl.kerberos.min.time.before.relogin = 60000
	sasl.kerberos.service.name = null
	sasl.kerberos.ticket.renew.jitter = 0.05
	sasl.kerberos.ticket.renew.window.factor = 0.8
	sasl.login.callback.handler.class = null
	sasl.login.class = null
	sasl.login.connect.timeout.ms = null
	sasl.login.read.timeout.ms = null
	sasl.login.refresh.buffer.seconds = 300
	sasl.login.refresh.min.period.seconds = 60
	sasl.login.refresh.window.factor = 0.8
	sasl.login.refresh.window.jitter = 0.05
	sasl.login.retry.backoff.max.ms = 10000
	sasl.login.retry.backoff.ms = 100
	sasl.mechanism = GSSAPI
	sasl.oauthbearer.clock.skew.seconds = 30
	sasl.oauthbearer.expected.audience = null
	sasl.oauthbearer.expected.issuer = null
	sasl.oauthbearer.jwks.endpoint.refresh.ms = 3600000
	sasl.oauthbearer.jwks.endpoint.retry.backoff.max.ms = 10000
	sasl.oauthbearer.jwks.endpoint.retry.backoff.ms = 100
	sasl.oauthbearer.jwks.endpoint.url = null
	sasl.oauthbearer.scope.claim.name = scope
	sasl.oauthbearer.sub.claim.name = sub
	sasl.oauthbearer.token.endpoint.url = null
	security.protocol = PLAINTEXT
	security.providers = null
	send.buffer.bytes = 131072
	socket.connection.setup.timeout.max.ms = 30000
	socket.connection.setup.timeout.ms = 10000
	ssl.cipher.suites = null
	ssl.enabled.protocols = [TLSv1.2, TLSv1.3]
	ssl.endpoint.identification.algorithm = https
	ssl.engine.factory.class = null
	ssl.key.password = null
	ssl.keymanager.algorithm = SunX509
	ssl.keystore.certificate.chain = null
	ssl.keystore.key = null
	ssl.keystore.location = null
	ssl.keystore.password = null
	ssl.keystore.type = JKS
	ssl.protocol = TLSv1.3
	ssl.provider = null
	ssl.secure.random.implementation = null
	ssl.trustmanager.algorithm = PKIX
	ssl.truststore.certificates = null
	ssl.truststore.location = null
	ssl.truststore.password = null
	ssl.truststore.type = JKS

[30m2024-08-23 10:28:59,424[0;39m [34mINFO [0;39m [[34mparallel-2[0;39m] [33mo.a.k.c.u.AppInfoParser[0;39m: Kafka version: 3.5.0
[30m2024-08-23 10:28:59,424[0;39m [34mINFO [0;39m [[34mparallel-2[0;39m] [33mo.a.k.c.u.AppInfoParser[0;39m: Kafka commitId: c97b88d5db4de28d
[30m2024-08-23 10:28:59,424[0;39m [34mINFO [0;39m [[34mparallel-2[0;39m] [33mo.a.k.c.u.AppInfoParser[0;39m: Kafka startTimeMs: 1724389139423
[30m2024-08-23 10:28:59,753[0;39m [39mDEBUG[0;39m [[34mparallel-3[0;39m] [33mc.p.k.u.s.ClustersStatisticsScheduler[0;39m: Metrics updated for cluster: training-kafka-cluster
[30m2024-08-23 10:29:28,778[0;39m [39mDEBUG[0;39m [[34mparallel-4[0;39m] [33mc.p.k.u.s.ClustersStatisticsScheduler[0;39m: Start getting metrics for kafkaCluster: training-kafka-cluster
[30m2024-08-23 10:29:28,831[0;39m [39mDEBUG[0;39m [[34mparallel-1[0;39m] [33mc.p.k.u.s.ClustersStatisticsScheduler[0;39m: Metrics updated for cluster: training-kafka-cluster
[30m2024-08-23 10:29:58,778[0;39m [39mDEBUG[0;39m [[34mparallel-2[0;39m] [33mc.p.k.u.s.ClustersStatisticsScheduler[0;39m: Start getting metrics for kafkaCluster: training-kafka-cluster
[30m2024-08-23 10:29:58,803[0;39m [39mDEBUG[0;39m [[34mparallel-7[0;39m] [33mc.p.k.u.s.ClustersStatisticsScheduler[0;39m: Metrics updated for cluster: training-kafka-cluster
[30m2024-08-23 10:30:28,778[0;39m [39mDEBUG[0;39m [[34mparallel-8[0;39m] [33mc.p.k.u.s.ClustersStatisticsScheduler[0;39m: Start getting metrics for kafkaCluster: training-kafka-cluster
[30m2024-08-23 10:30:28,788[0;39m [39mDEBUG[0;39m [[34mparallel-5[0;39m] [33mc.p.k.u.s.ClustersStatisticsScheduler[0;39m: Metrics updated for cluster: training-kafka-cluster
[30m2024-08-23 10:30:58,779[0;39m [39mDEBUG[0;39m [[34mparallel-6[0;39m] [33mc.p.k.u.s.ClustersStatisticsScheduler[0;39m: Start getting metrics for kafkaCluster: training-kafka-cluster
[30m2024-08-23 10:30:58,809[0;39m [39mDEBUG[0;39m [[34mparallel-3[0;39m] [33mc.p.k.u.s.ClustersStatisticsScheduler[0;39m: Metrics updated for cluster: training-kafka-cluster
[30m2024-08-23 10:31:28,779[0;39m [39mDEBUG[0;39m [[34mparallel-4[0;39m] [33mc.p.k.u.s.ClustersStatisticsScheduler[0;39m: Start getting metrics for kafkaCluster: training-kafka-cluster
[30m2024-08-23 10:31:28,809[0;39m [39mDEBUG[0;39m [[34mparallel-1[0;39m] [33mc.p.k.u.s.ClustersStatisticsScheduler[0;39m: Metrics updated for cluster: training-kafka-cluster
[30m2024-08-23 10:31:58,777[0;39m [39mDEBUG[0;39m [[34mparallel-2[0;39m] [33mc.p.k.u.s.ClustersStatisticsScheduler[0;39m: Start getting metrics for kafkaCluster: training-kafka-cluster
[30m2024-08-23 10:31:58,789[0;39m [39mDEBUG[0;39m [[34mparallel-7[0;39m] [33mc.p.k.u.s.ClustersStatisticsScheduler[0;39m: Metrics updated for cluster: training-kafka-cluster
[30m2024-08-23 10:32:28,778[0;39m [39mDEBUG[0;39m [[34mparallel-8[0;39m] [33mc.p.k.u.s.ClustersStatisticsScheduler[0;39m: Start getting metrics for kafkaCluster: training-kafka-cluster
[30m2024-08-23 10:32:28,806[0;39m [39mDEBUG[0;39m [[34mparallel-5[0;39m] [33mc.p.k.u.s.ClustersStatisticsScheduler[0;39m: Metrics updated for cluster: training-kafka-cluster
[30m2024-08-23 10:32:58,779[0;39m [39mDEBUG[0;39m [[34mparallel-6[0;39m] [33mc.p.k.u.s.ClustersStatisticsScheduler[0;39m: Start getting metrics for kafkaCluster: training-kafka-cluster
[30m2024-08-23 10:32:58,804[0;39m [39mDEBUG[0;39m [[34mparallel-3[0;39m] [33mc.p.k.u.s.ClustersStatisticsScheduler[0;39m: Metrics updated for cluster: training-kafka-cluster
[30m2024-08-23 10:33:28,779[0;39m [39mDEBUG[0;39m [[34mparallel-4[0;39m] [33mc.p.k.u.s.ClustersStatisticsScheduler[0;39m: Start getting metrics for kafkaCluster: training-kafka-cluster
[30m2024-08-23 10:33:28,794[0;39m [39mDEBUG[0;39m [[34mparallel-1[0;39m] [33mc.p.k.u.s.ClustersStatisticsScheduler[0;39m: Metrics updated for cluster: training-kafka-cluster
[30m2024-08-23 10:33:58,778[0;39m [39mDEBUG[0;39m [[34mparallel-2[0;39m] [33mc.p.k.u.s.ClustersStatisticsScheduler[0;39m: Start getting metrics for kafkaCluster: training-kafka-cluster
[30m2024-08-23 10:33:58,804[0;39m [39mDEBUG[0;39m [[34mparallel-7[0;39m] [33mc.p.k.u.s.ClustersStatisticsScheduler[0;39m: Metrics updated for cluster: training-kafka-cluster
[30m2024-08-23 10:33:59,656[0;39m [34mINFO [0;39m [[34mkafka-admin-client-thread | kafka-ui-admin-1724389139-1[0;39m] [33mo.a.k.c.NetworkClient[0;39m: [AdminClient clientId=kafka-ui-admin-1724389139-1] Node -1 disconnected.
[30m2024-08-23 10:34:28,778[0;39m [39mDEBUG[0;39m [[34mparallel-8[0;39m] [33mc.p.k.u.s.ClustersStatisticsScheduler[0;39m: Start getting metrics for kafkaCluster: training-kafka-cluster
[30m2024-08-23 10:34:28,805[0;39m [39mDEBUG[0;39m [[34mparallel-5[0;39m] [33mc.p.k.u.s.ClustersStatisticsScheduler[0;39m: Metrics updated for cluster: training-kafka-cluster
[30m2024-08-23 10:34:58,778[0;39m [39mDEBUG[0;39m [[34mparallel-6[0;39m] [33mc.p.k.u.s.ClustersStatisticsScheduler[0;39m: Start getting metrics for kafkaCluster: training-kafka-cluster
[30m2024-08-23 10:34:58,801[0;39m [39mDEBUG[0;39m [[34mparallel-3[0;39m] [33mc.p.k.u.s.ClustersStatisticsScheduler[0;39m: Metrics updated for cluster: training-kafka-cluster
[30m2024-08-23 10:35:28,779[0;39m [39mDEBUG[0;39m [[34mparallel-4[0;39m] [33mc.p.k.u.s.ClustersStatisticsScheduler[0;39m: Start getting metrics for kafkaCluster: training-kafka-cluster
[30m2024-08-23 10:35:28,807[0;39m [39mDEBUG[0;39m [[34mparallel-1[0;39m] [33mc.p.k.u.s.ClustersStatisticsScheduler[0;39m: Metrics updated for cluster: training-kafka-cluster
[30m2024-08-23 10:35:58,778[0;39m [39mDEBUG[0;39m [[34mparallel-2[0;39m] [33mc.p.k.u.s.ClustersStatisticsScheduler[0;39m: Start getting metrics for kafkaCluster: training-kafka-cluster
[30m2024-08-23 10:35:58,802[0;39m [39mDEBUG[0;39m [[34mparallel-7[0;39m] [33mc.p.k.u.s.ClustersStatisticsScheduler[0;39m: Metrics updated for cluster: training-kafka-cluster
[30m2024-08-23 10:36:28,778[0;39m [39mDEBUG[0;39m [[34mparallel-8[0;39m] [33mc.p.k.u.s.ClustersStatisticsScheduler[0;39m: Start getting metrics for kafkaCluster: training-kafka-cluster
[30m2024-08-23 10:36:28,799[0;39m [39mDEBUG[0;39m [[34mparallel-5[0;39m] [33mc.p.k.u.s.ClustersStatisticsScheduler[0;39m: Metrics updated for cluster: training-kafka-cluster
[30m2024-08-23 10:36:58,778[0;39m [39mDEBUG[0;39m [[34mparallel-6[0;39m] [33mc.p.k.u.s.ClustersStatisticsScheduler[0;39m: Start getting metrics for kafkaCluster: training-kafka-cluster
[30m2024-08-23 10:36:58,803[0;39m [39mDEBUG[0;39m [[34mparallel-3[0;39m] [33mc.p.k.u.s.ClustersStatisticsScheduler[0;39m: Metrics updated for cluster: training-kafka-cluster
[30m2024-08-23 10:37:28,778[0;39m [39mDEBUG[0;39m [[34mparallel-4[0;39m] [33mc.p.k.u.s.ClustersStatisticsScheduler[0;39m: Start getting metrics for kafkaCluster: training-kafka-cluster
[30m2024-08-23 10:37:28,805[0;39m [39mDEBUG[0;39m [[34mparallel-1[0;39m] [33mc.p.k.u.s.ClustersStatisticsScheduler[0;39m: Metrics updated for cluster: training-kafka-cluster
[30m2024-08-23 10:37:58,778[0;39m [39mDEBUG[0;39m [[34mparallel-2[0;39m] [33mc.p.k.u.s.ClustersStatisticsScheduler[0;39m: Start getting metrics for kafkaCluster: training-kafka-cluster
[30m2024-08-23 10:37:58,804[0;39m [39mDEBUG[0;39m [[34mparallel-7[0;39m] [33mc.p.k.u.s.ClustersStatisticsScheduler[0;39m: Metrics updated for cluster: training-kafka-cluster
[30m2024-08-23 10:38:28,778[0;39m [39mDEBUG[0;39m [[34mparallel-8[0;39m] [33mc.p.k.u.s.ClustersStatisticsScheduler[0;39m: Start getting metrics for kafkaCluster: training-kafka-cluster
[30m2024-08-23 10:38:28,806[0;39m [39mDEBUG[0;39m [[34mparallel-5[0;39m] [33mc.p.k.u.s.ClustersStatisticsScheduler[0;39m: Metrics updated for cluster: training-kafka-cluster
