[2024-08-23 10:03:09,463] INFO [Controller id=101] Processing automatic preferred replica leader election (kafka.controller.KafkaController)
[2024-08-23 10:03:09,464] TRACE [Controller id=101] Checking need to trigger auto leader balancing (kafka.controller.KafkaController)
[2024-08-23 10:03:09,465] DEBUG [Controller id=101] Topics not in preferred replica for broker 101 Map(Deepak-1 -> List(101, 103, 102)) (kafka.controller.KafkaController)
[2024-08-23 10:03:09,465] TRACE [Controller id=101] Leader imbalance ratio for broker 101 is 1.0 (kafka.controller.KafkaController)
[2024-08-23 10:03:09,465] INFO [Controller id=101] Starting replica leader election (PREFERRED) for partitions Deepak-1 triggered by AutoTriggered (kafka.controller.KafkaController)
[2024-08-23 10:03:09,474] INFO [Controller id=101] Partition Deepak-1 completed preferred replica leader election. New leader is 101 (kafka.controller.KafkaController)
[2024-08-23 10:03:09,474] DEBUG [Controller id=101] Topics not in preferred replica for broker 102 Map(Deepak-0 -> List(102, 101, 103)) (kafka.controller.KafkaController)
[2024-08-23 10:03:09,475] TRACE [Controller id=101] Leader imbalance ratio for broker 102 is 1.0 (kafka.controller.KafkaController)
[2024-08-23 10:03:09,475] INFO [Controller id=101] Starting replica leader election (PREFERRED) for partitions Deepak-0 triggered by AutoTriggered (kafka.controller.KafkaController)
[2024-08-23 10:03:09,485] INFO [Controller id=101] Partition Deepak-0 completed preferred replica leader election. New leader is 102 (kafka.controller.KafkaController)
[2024-08-23 10:03:09,485] DEBUG [Controller id=101] Topics not in preferred replica for broker 103 Map() (kafka.controller.KafkaController)
[2024-08-23 10:03:09,485] TRACE [Controller id=101] Leader imbalance ratio for broker 103 is 0.0 (kafka.controller.KafkaController)
[2024-08-23 10:08:09,486] INFO [Controller id=101] Processing automatic preferred replica leader election (kafka.controller.KafkaController)
[2024-08-23 10:08:09,486] TRACE [Controller id=101] Checking need to trigger auto leader balancing (kafka.controller.KafkaController)
[2024-08-23 10:08:09,487] DEBUG [Controller id=101] Topics not in preferred replica for broker 101 Map() (kafka.controller.KafkaController)
[2024-08-23 10:08:09,487] TRACE [Controller id=101] Leader imbalance ratio for broker 101 is 0.0 (kafka.controller.KafkaController)
[2024-08-23 10:08:09,487] DEBUG [Controller id=101] Topics not in preferred replica for broker 102 Map() (kafka.controller.KafkaController)
[2024-08-23 10:08:09,487] TRACE [Controller id=101] Leader imbalance ratio for broker 102 is 0.0 (kafka.controller.KafkaController)
[2024-08-23 10:08:09,487] DEBUG [Controller id=101] Topics not in preferred replica for broker 103 Map() (kafka.controller.KafkaController)
[2024-08-23 10:08:09,487] TRACE [Controller id=101] Leader imbalance ratio for broker 103 is 0.0 (kafka.controller.KafkaController)
[2024-08-23 10:13:09,488] INFO [Controller id=101] Processing automatic preferred replica leader election (kafka.controller.KafkaController)
[2024-08-23 10:13:09,489] TRACE [Controller id=101] Checking need to trigger auto leader balancing (kafka.controller.KafkaController)
[2024-08-23 10:13:09,489] DEBUG [Controller id=101] Topics not in preferred replica for broker 101 Map() (kafka.controller.KafkaController)
[2024-08-23 10:13:09,489] TRACE [Controller id=101] Leader imbalance ratio for broker 101 is 0.0 (kafka.controller.KafkaController)
[2024-08-23 10:13:09,490] DEBUG [Controller id=101] Topics not in preferred replica for broker 102 Map() (kafka.controller.KafkaController)
[2024-08-23 10:13:09,490] TRACE [Controller id=101] Leader imbalance ratio for broker 102 is 0.0 (kafka.controller.KafkaController)
[2024-08-23 10:13:09,490] DEBUG [Controller id=101] Topics not in preferred replica for broker 103 Map() (kafka.controller.KafkaController)
[2024-08-23 10:13:09,490] TRACE [Controller id=101] Leader imbalance ratio for broker 103 is 0.0 (kafka.controller.KafkaController)
[2024-08-23 10:18:09,491] INFO [Controller id=101] Processing automatic preferred replica leader election (kafka.controller.KafkaController)
[2024-08-23 10:18:09,491] TRACE [Controller id=101] Checking need to trigger auto leader balancing (kafka.controller.KafkaController)
[2024-08-23 10:18:09,491] DEBUG [Controller id=101] Topics not in preferred replica for broker 101 Map() (kafka.controller.KafkaController)
[2024-08-23 10:18:09,492] TRACE [Controller id=101] Leader imbalance ratio for broker 101 is 0.0 (kafka.controller.KafkaController)
[2024-08-23 10:18:09,492] DEBUG [Controller id=101] Topics not in preferred replica for broker 102 Map() (kafka.controller.KafkaController)
[2024-08-23 10:18:09,492] TRACE [Controller id=101] Leader imbalance ratio for broker 102 is 0.0 (kafka.controller.KafkaController)
[2024-08-23 10:18:09,492] DEBUG [Controller id=101] Topics not in preferred replica for broker 103 Map() (kafka.controller.KafkaController)
[2024-08-23 10:18:09,492] TRACE [Controller id=101] Leader imbalance ratio for broker 103 is 0.0 (kafka.controller.KafkaController)
[2024-08-23 10:23:09,493] INFO [Controller id=101] Processing automatic preferred replica leader election (kafka.controller.KafkaController)
[2024-08-23 10:23:09,494] TRACE [Controller id=101] Checking need to trigger auto leader balancing (kafka.controller.KafkaController)
[2024-08-23 10:23:09,495] DEBUG [Controller id=101] Topics not in preferred replica for broker 101 Map() (kafka.controller.KafkaController)
[2024-08-23 10:23:09,495] TRACE [Controller id=101] Leader imbalance ratio for broker 101 is 0.0 (kafka.controller.KafkaController)
[2024-08-23 10:23:09,495] DEBUG [Controller id=101] Topics not in preferred replica for broker 102 Map() (kafka.controller.KafkaController)
[2024-08-23 10:23:09,495] TRACE [Controller id=101] Leader imbalance ratio for broker 102 is 0.0 (kafka.controller.KafkaController)
[2024-08-23 10:23:09,495] DEBUG [Controller id=101] Topics not in preferred replica for broker 103 Map() (kafka.controller.KafkaController)
[2024-08-23 10:23:09,495] TRACE [Controller id=101] Leader imbalance ratio for broker 103 is 0.0 (kafka.controller.KafkaController)
[2024-08-23 10:28:09,496] INFO [Controller id=101] Processing automatic preferred replica leader election (kafka.controller.KafkaController)
[2024-08-23 10:28:09,496] TRACE [Controller id=101] Checking need to trigger auto leader balancing (kafka.controller.KafkaController)
[2024-08-23 10:28:09,497] DEBUG [Controller id=101] Topics not in preferred replica for broker 101 Map() (kafka.controller.KafkaController)
[2024-08-23 10:28:09,497] TRACE [Controller id=101] Leader imbalance ratio for broker 101 is 0.0 (kafka.controller.KafkaController)
[2024-08-23 10:28:09,497] DEBUG [Controller id=101] Topics not in preferred replica for broker 102 Map() (kafka.controller.KafkaController)
[2024-08-23 10:28:09,497] TRACE [Controller id=101] Leader imbalance ratio for broker 102 is 0.0 (kafka.controller.KafkaController)
[2024-08-23 10:28:09,497] DEBUG [Controller id=101] Topics not in preferred replica for broker 103 Map() (kafka.controller.KafkaController)
[2024-08-23 10:28:09,497] TRACE [Controller id=101] Leader imbalance ratio for broker 103 is 0.0 (kafka.controller.KafkaController)
[2024-08-23 10:33:09,498] INFO [Controller id=101] Processing automatic preferred replica leader election (kafka.controller.KafkaController)
[2024-08-23 10:33:09,499] TRACE [Controller id=101] Checking need to trigger auto leader balancing (kafka.controller.KafkaController)
[2024-08-23 10:33:09,499] DEBUG [Controller id=101] Topics not in preferred replica for broker 101 Map() (kafka.controller.KafkaController)
[2024-08-23 10:33:09,499] TRACE [Controller id=101] Leader imbalance ratio for broker 101 is 0.0 (kafka.controller.KafkaController)
[2024-08-23 10:33:09,500] DEBUG [Controller id=101] Topics not in preferred replica for broker 102 Map() (kafka.controller.KafkaController)
[2024-08-23 10:33:09,500] TRACE [Controller id=101] Leader imbalance ratio for broker 102 is 0.0 (kafka.controller.KafkaController)
[2024-08-23 10:33:09,500] DEBUG [Controller id=101] Topics not in preferred replica for broker 103 Map() (kafka.controller.KafkaController)
[2024-08-23 10:33:09,500] TRACE [Controller id=101] Leader imbalance ratio for broker 103 is 0.0 (kafka.controller.KafkaController)
[2024-08-23 10:38:09,501] INFO [Controller id=101] Processing automatic preferred replica leader election (kafka.controller.KafkaController)
[2024-08-23 10:38:09,501] TRACE [Controller id=101] Checking need to trigger auto leader balancing (kafka.controller.KafkaController)
[2024-08-23 10:38:09,501] DEBUG [Controller id=101] Topics not in preferred replica for broker 101 Map() (kafka.controller.KafkaController)
[2024-08-23 10:38:09,502] TRACE [Controller id=101] Leader imbalance ratio for broker 101 is 0.0 (kafka.controller.KafkaController)
[2024-08-23 10:38:09,502] DEBUG [Controller id=101] Topics not in preferred replica for broker 102 Map() (kafka.controller.KafkaController)
[2024-08-23 10:38:09,502] TRACE [Controller id=101] Leader imbalance ratio for broker 102 is 0.0 (kafka.controller.KafkaController)
[2024-08-23 10:38:09,502] DEBUG [Controller id=101] Topics not in preferred replica for broker 103 Map() (kafka.controller.KafkaController)
[2024-08-23 10:38:09,502] TRACE [Controller id=101] Leader imbalance ratio for broker 103 is 0.0 (kafka.controller.KafkaController)
