[2024-08-23 09:58:13,306] INFO Registered kafka:type=kafka.Log4jController MBean (kafka.utils.Log4jControllerRegistration$)
[2024-08-23 09:58:13,471] INFO Setting -D jdk.tls.rejectClientInitiatedRenegotiation=true to disable client-initiated TLS renegotiation (org.apache.zookeeper.common.X509Util)
[2024-08-23 09:58:13,523] INFO Registered signal handlers for TERM, INT, HUP (org.apache.kafka.common.utils.LoggingSignalHandler)
[2024-08-23 09:58:13,524] INFO starting (kafka.server.KafkaServer)
[2024-08-23 09:58:13,525] INFO Connecting to zookeeper on localhost:2181 (kafka.server.KafkaServer)
[2024-08-23 09:58:13,533] INFO [ZooKeeperClient Kafka server] Initializing a new session to localhost:2181. (kafka.zookeeper.ZooKeeperClient)
[2024-08-23 09:58:13,536] INFO Client environment:zookeeper.version=3.8.4-9316c2a7a97e1666d8f4593f34dd6fc36ecc436c, built on 2024-02-12 22:16 UTC (org.apache.zookeeper.ZooKeeper)
[2024-08-23 09:58:13,536] INFO Client environment:host.name=npciadmin-HP-EliteBook-830-G6 (org.apache.zookeeper.ZooKeeper)
[2024-08-23 09:58:13,536] INFO Client environment:java.version=17.0.12 (org.apache.zookeeper.ZooKeeper)
[2024-08-23 09:58:13,536] INFO Client environment:java.vendor=Ubuntu (org.apache.zookeeper.ZooKeeper)
[2024-08-23 09:58:13,536] INFO Client environment:java.home=/usr/lib/jvm/java-17-openjdk-amd64 (org.apache.zookeeper.ZooKeeper)
[2024-08-23 09:58:13,536] INFO Client environment:java.class.path=/home/npci-admin/Desktop/Shivam/kafka/kafka_2.13-3.7.1/bin/../libs/activation-1.1.1.jar:/home/npci-admin/Desktop/Shivam/kafka/kafka_2.13-3.7.1/bin/../libs/aopalliance-repackaged-2.6.1.jar:/home/npci-admin/Desktop/Shivam/kafka/kafka_2.13-3.7.1/bin/../libs/argparse4j-0.7.0.jar:/home/npci-admin/Desktop/Shivam/kafka/kafka_2.13-3.7.1/bin/../libs/audience-annotations-0.12.0.jar:/home/npci-admin/Desktop/Shivam/kafka/kafka_2.13-3.7.1/bin/../libs/caffeine-2.9.3.jar:/home/npci-admin/Desktop/Shivam/kafka/kafka_2.13-3.7.1/bin/../libs/checker-qual-3.19.0.jar:/home/npci-admin/Desktop/Shivam/kafka/kafka_2.13-3.7.1/bin/../libs/commons-beanutils-1.9.4.jar:/home/npci-admin/Desktop/Shivam/kafka/kafka_2.13-3.7.1/bin/../libs/commons-cli-1.4.jar:/home/npci-admin/Desktop/Shivam/kafka/kafka_2.13-3.7.1/bin/../libs/commons-collections-3.2.2.jar:/home/npci-admin/Desktop/Shivam/kafka/kafka_2.13-3.7.1/bin/../libs/commons-digester-2.1.jar:/home/npci-admin/Desktop/Shivam/kafka/kafka_2.13-3.7.1/bin/../libs/commons-io-2.11.0.jar:/home/npci-admin/Desktop/Shivam/kafka/kafka_2.13-3.7.1/bin/../libs/commons-lang3-3.8.1.jar:/home/npci-admin/Desktop/Shivam/kafka/kafka_2.13-3.7.1/bin/../libs/commons-logging-1.2.jar:/home/npci-admin/Desktop/Shivam/kafka/kafka_2.13-3.7.1/bin/../libs/commons-validator-1.7.jar:/home/npci-admin/Desktop/Shivam/kafka/kafka_2.13-3.7.1/bin/../libs/connect-api-3.7.1.jar:/home/npci-admin/Desktop/Shivam/kafka/kafka_2.13-3.7.1/bin/../libs/connect-basic-auth-extension-3.7.1.jar:/home/npci-admin/Desktop/Shivam/kafka/kafka_2.13-3.7.1/bin/../libs/connect-json-3.7.1.jar:/home/npci-admin/Desktop/Shivam/kafka/kafka_2.13-3.7.1/bin/../libs/connect-mirror-3.7.1.jar:/home/npci-admin/Desktop/Shivam/kafka/kafka_2.13-3.7.1/bin/../libs/connect-mirror-client-3.7.1.jar:/home/npci-admin/Desktop/Shivam/kafka/kafka_2.13-3.7.1/bin/../libs/connect-runtime-3.7.1.jar:/home/npci-admin/Desktop/Shivam/kafka/kafka_2.13-3.7.1/bin/../libs/connect-transforms-3.7.1.jar:/home/npci-admin/Desktop/Shivam/kafka/kafka_2.13-3.7.1/bin/../libs/error_prone_annotations-2.10.0.jar:/home/npci-admin/Desktop/Shivam/kafka/kafka_2.13-3.7.1/bin/../libs/hk2-api-2.6.1.jar:/home/npci-admin/Desktop/Shivam/kafka/kafka_2.13-3.7.1/bin/../libs/hk2-locator-2.6.1.jar:/home/npci-admin/Desktop/Shivam/kafka/kafka_2.13-3.7.1/bin/../libs/hk2-utils-2.6.1.jar:/home/npci-admin/Desktop/Shivam/kafka/kafka_2.13-3.7.1/bin/../libs/jackson-annotations-2.16.2.jar:/home/npci-admin/Desktop/Shivam/kafka/kafka_2.13-3.7.1/bin/../libs/jackson-core-2.16.2.jar:/home/npci-admin/Desktop/Shivam/kafka/kafka_2.13-3.7.1/bin/../libs/jackson-databind-2.16.2.jar:/home/npci-admin/Desktop/Shivam/kafka/kafka_2.13-3.7.1/bin/../libs/jackson-dataformat-csv-2.16.2.jar:/home/npci-admin/Desktop/Shivam/kafka/kafka_2.13-3.7.1/bin/../libs/jackson-datatype-jdk8-2.16.2.jar:/home/npci-admin/Desktop/Shivam/kafka/kafka_2.13-3.7.1/bin/../libs/jackson-jaxrs-base-2.16.2.jar:/home/npci-admin/Desktop/Shivam/kafka/kafka_2.13-3.7.1/bin/../libs/jackson-jaxrs-json-provider-2.16.2.jar:/home/npci-admin/Desktop/Shivam/kafka/kafka_2.13-3.7.1/bin/../libs/jackson-module-jaxb-annotations-2.16.2.jar:/home/npci-admin/Desktop/Shivam/kafka/kafka_2.13-3.7.1/bin/../libs/jackson-module-scala_2.13-2.16.2.jar:/home/npci-admin/Desktop/Shivam/kafka/kafka_2.13-3.7.1/bin/../libs/jakarta.activation-api-1.2.2.jar:/home/npci-admin/Desktop/Shivam/kafka/kafka_2.13-3.7.1/bin/../libs/jakarta.annotation-api-1.3.5.jar:/home/npci-admin/Desktop/Shivam/kafka/kafka_2.13-3.7.1/bin/../libs/jakarta.inject-2.6.1.jar:/home/npci-admin/Desktop/Shivam/kafka/kafka_2.13-3.7.1/bin/../libs/jakarta.validation-api-2.0.2.jar:/home/npci-admin/Desktop/Shivam/kafka/kafka_2.13-3.7.1/bin/../libs/jakarta.ws.rs-api-2.1.6.jar:/home/npci-admin/Desktop/Shivam/kafka/kafka_2.13-3.7.1/bin/../libs/jakarta.xml.bind-api-2.3.3.jar:/home/npci-admin/Desktop/Shivam/kafka/kafka_2.13-3.7.1/bin/../libs/javassist-3.29.2-GA.jar:/home/npci-admin/Desktop/Shivam/kafka/kafka_2.13-3.7.1/bin/../libs/javax.activation-api-1.2.0.jar:/home/npci-admin/Desktop/Shivam/kafka/kafka_2.13-3.7.1/bin/../libs/javax.annotation-api-1.3.2.jar:/home/npci-admin/Desktop/Shivam/kafka/kafka_2.13-3.7.1/bin/../libs/javax.servlet-api-3.1.0.jar:/home/npci-admin/Desktop/Shivam/kafka/kafka_2.13-3.7.1/bin/../libs/javax.ws.rs-api-2.1.1.jar:/home/npci-admin/Desktop/Shivam/kafka/kafka_2.13-3.7.1/bin/../libs/jaxb-api-2.3.1.jar:/home/npci-admin/Desktop/Shivam/kafka/kafka_2.13-3.7.1/bin/../libs/jersey-client-2.39.1.jar:/home/npci-admin/Desktop/Shivam/kafka/kafka_2.13-3.7.1/bin/../libs/jersey-common-2.39.1.jar:/home/npci-admin/Desktop/Shivam/kafka/kafka_2.13-3.7.1/bin/../libs/jersey-container-servlet-2.39.1.jar:/home/npci-admin/Desktop/Shivam/kafka/kafka_2.13-3.7.1/bin/../libs/jersey-container-servlet-core-2.39.1.jar:/home/npci-admin/Desktop/Shivam/kafka/kafka_2.13-3.7.1/bin/../libs/jersey-hk2-2.39.1.jar:/home/npci-admin/Desktop/Shivam/kafka/kafka_2.13-3.7.1/bin/../libs/jersey-server-2.39.1.jar:/home/npci-admin/Desktop/Shivam/kafka/kafka_2.13-3.7.1/bin/../libs/jetty-client-9.4.54.v20240208.jar:/home/npci-admin/Desktop/Shivam/kafka/kafka_2.13-3.7.1/bin/../libs/jetty-continuation-9.4.54.v20240208.jar:/home/npci-admin/Desktop/Shivam/kafka/kafka_2.13-3.7.1/bin/../libs/jetty-http-9.4.54.v20240208.jar:/home/npci-admin/Desktop/Shivam/kafka/kafka_2.13-3.7.1/bin/../libs/jetty-io-9.4.54.v20240208.jar:/home/npci-admin/Desktop/Shivam/kafka/kafka_2.13-3.7.1/bin/../libs/jetty-security-9.4.54.v20240208.jar:/home/npci-admin/Desktop/Shivam/kafka/kafka_2.13-3.7.1/bin/../libs/jetty-server-9.4.54.v20240208.jar:/home/npci-admin/Desktop/Shivam/kafka/kafka_2.13-3.7.1/bin/../libs/jetty-servlet-9.4.54.v20240208.jar:/home/npci-admin/Desktop/Shivam/kafka/kafka_2.13-3.7.1/bin/../libs/jetty-servlets-9.4.54.v20240208.jar:/home/npci-admin/Desktop/Shivam/kafka/kafka_2.13-3.7.1/bin/../libs/jetty-util-9.4.54.v20240208.jar:/home/npci-admin/Desktop/Shivam/kafka/kafka_2.13-3.7.1/bin/../libs/jetty-util-ajax-9.4.54.v20240208.jar:/home/npci-admin/Desktop/Shivam/kafka/kafka_2.13-3.7.1/bin/../libs/jline-3.25.1.jar:/home/npci-admin/Desktop/Shivam/kafka/kafka_2.13-3.7.1/bin/../libs/jopt-simple-5.0.4.jar:/home/npci-admin/Desktop/Shivam/kafka/kafka_2.13-3.7.1/bin/../libs/jose4j-0.9.4.jar:/home/npci-admin/Desktop/Shivam/kafka/kafka_2.13-3.7.1/bin/../libs/jsr305-3.0.2.jar:/home/npci-admin/Desktop/Shivam/kafka/kafka_2.13-3.7.1/bin/../libs/kafka_2.13-3.7.1.jar:/home/npci-admin/Desktop/Shivam/kafka/kafka_2.13-3.7.1/bin/../libs/kafka-clients-3.7.1.jar:/home/npci-admin/Desktop/Shivam/kafka/kafka_2.13-3.7.1/bin/../libs/kafka-group-coordinator-3.7.1.jar:/home/npci-admin/Desktop/Shivam/kafka/kafka_2.13-3.7.1/bin/../libs/kafka-log4j-appender-3.7.1.jar:/home/npci-admin/Desktop/Shivam/kafka/kafka_2.13-3.7.1/bin/../libs/kafka-metadata-3.7.1.jar:/home/npci-admin/Desktop/Shivam/kafka/kafka_2.13-3.7.1/bin/../libs/kafka-raft-3.7.1.jar:/home/npci-admin/Desktop/Shivam/kafka/kafka_2.13-3.7.1/bin/../libs/kafka-server-3.7.1.jar:/home/npci-admin/Desktop/Shivam/kafka/kafka_2.13-3.7.1/bin/../libs/kafka-server-common-3.7.1.jar:/home/npci-admin/Desktop/Shivam/kafka/kafka_2.13-3.7.1/bin/../libs/kafka-shell-3.7.1.jar:/home/npci-admin/Desktop/Shivam/kafka/kafka_2.13-3.7.1/bin/../libs/kafka-storage-3.7.1.jar:/home/npci-admin/Desktop/Shivam/kafka/kafka_2.13-3.7.1/bin/../libs/kafka-storage-api-3.7.1.jar:/home/npci-admin/Desktop/Shivam/kafka/kafka_2.13-3.7.1/bin/../libs/kafka-streams-3.7.1.jar:/home/npci-admin/Desktop/Shivam/kafka/kafka_2.13-3.7.1/bin/../libs/kafka-streams-examples-3.7.1.jar:/home/npci-admin/Desktop/Shivam/kafka/kafka_2.13-3.7.1/bin/../libs/kafka-streams-scala_2.13-3.7.1.jar:/home/npci-admin/Desktop/Shivam/kafka/kafka_2.13-3.7.1/bin/../libs/kafka-streams-test-utils-3.7.1.jar:/home/npci-admin/Desktop/Shivam/kafka/kafka_2.13-3.7.1/bin/../libs/kafka-tools-3.7.1.jar:/home/npci-admin/Desktop/Shivam/kafka/kafka_2.13-3.7.1/bin/../libs/kafka-tools-api-3.7.1.jar:/home/npci-admin/Desktop/Shivam/kafka/kafka_2.13-3.7.1/bin/../libs/lz4-java-1.8.0.jar:/home/npci-admin/Desktop/Shivam/kafka/kafka_2.13-3.7.1/bin/../libs/maven-artifact-3.8.8.jar:/home/npci-admin/Desktop/Shivam/kafka/kafka_2.13-3.7.1/bin/../libs/metrics-core-2.2.0.jar:/home/npci-admin/Desktop/Shivam/kafka/kafka_2.13-3.7.1/bin/../libs/metrics-core-4.1.12.1.jar:/home/npci-admin/Desktop/Shivam/kafka/kafka_2.13-3.7.1/bin/../libs/netty-buffer-4.1.110.Final.jar:/home/npci-admin/Desktop/Shivam/kafka/kafka_2.13-3.7.1/bin/../libs/netty-codec-4.1.110.Final.jar:/home/npci-admin/Desktop/Shivam/kafka/kafka_2.13-3.7.1/bin/../libs/netty-common-4.1.110.Final.jar:/home/npci-admin/Desktop/Shivam/kafka/kafka_2.13-3.7.1/bin/../libs/netty-handler-4.1.110.Final.jar:/home/npci-admin/Desktop/Shivam/kafka/kafka_2.13-3.7.1/bin/../libs/netty-resolver-4.1.110.Final.jar:/home/npci-admin/Desktop/Shivam/kafka/kafka_2.13-3.7.1/bin/../libs/netty-transport-4.1.110.Final.jar:/home/npci-admin/Desktop/Shivam/kafka/kafka_2.13-3.7.1/bin/../libs/netty-transport-classes-epoll-4.1.110.Final.jar:/home/npci-admin/Desktop/Shivam/kafka/kafka_2.13-3.7.1/bin/../libs/netty-transport-native-epoll-4.1.110.Final.jar:/home/npci-admin/Desktop/Shivam/kafka/kafka_2.13-3.7.1/bin/../libs/netty-transport-native-unix-common-4.1.110.Final.jar:/home/npci-admin/Desktop/Shivam/kafka/kafka_2.13-3.7.1/bin/../libs/opentelemetry-proto-1.0.0-alpha.jar:/home/npci-admin/Desktop/Shivam/kafka/kafka_2.13-3.7.1/bin/../libs/osgi-resource-locator-1.0.3.jar:/home/npci-admin/Desktop/Shivam/kafka/kafka_2.13-3.7.1/bin/../libs/paranamer-2.8.jar:/home/npci-admin/Desktop/Shivam/kafka/kafka_2.13-3.7.1/bin/../libs/pcollections-4.0.1.jar:/home/npci-admin/Desktop/Shivam/kafka/kafka_2.13-3.7.1/bin/../libs/plexus-utils-3.3.1.jar:/home/npci-admin/Desktop/Shivam/kafka/kafka_2.13-3.7.1/bin/../libs/protobuf-java-3.23.4.jar:/home/npci-admin/Desktop/Shivam/kafka/kafka_2.13-3.7.1/bin/../libs/reflections-0.10.2.jar:/home/npci-admin/Desktop/Shivam/kafka/kafka_2.13-3.7.1/bin/../libs/reload4j-1.2.25.jar:/home/npci-admin/Desktop/Shivam/kafka/kafka_2.13-3.7.1/bin/../libs/rocksdbjni-7.9.2.jar:/home/npci-admin/Desktop/Shivam/kafka/kafka_2.13-3.7.1/bin/../libs/scala-collection-compat_2.13-2.10.0.jar:/home/npci-admin/Desktop/Shivam/kafka/kafka_2.13-3.7.1/bin/../libs/scala-java8-compat_2.13-1.0.2.jar:/home/npci-admin/Desktop/Shivam/kafka/kafka_2.13-3.7.1/bin/../libs/scala-library-2.13.12.jar:/home/npci-admin/Desktop/Shivam/kafka/kafka_2.13-3.7.1/bin/../libs/scala-logging_2.13-3.9.4.jar:/home/npci-admin/Desktop/Shivam/kafka/kafka_2.13-3.7.1/bin/../libs/scala-reflect-2.13.12.jar:/home/npci-admin/Desktop/Shivam/kafka/kafka_2.13-3.7.1/bin/../libs/slf4j-api-1.7.36.jar:/home/npci-admin/Desktop/Shivam/kafka/kafka_2.13-3.7.1/bin/../libs/slf4j-reload4j-1.7.36.jar:/home/npci-admin/Desktop/Shivam/kafka/kafka_2.13-3.7.1/bin/../libs/snappy-java-1.1.10.5.jar:/home/npci-admin/Desktop/Shivam/kafka/kafka_2.13-3.7.1/bin/../libs/swagger-annotations-2.2.8.jar:/home/npci-admin/Desktop/Shivam/kafka/kafka_2.13-3.7.1/bin/../libs/trogdor-3.7.1.jar:/home/npci-admin/Desktop/Shivam/kafka/kafka_2.13-3.7.1/bin/../libs/zookeeper-3.8.4.jar:/home/npci-admin/Desktop/Shivam/kafka/kafka_2.13-3.7.1/bin/../libs/zookeeper-jute-3.8.4.jar:/home/npci-admin/Desktop/Shivam/kafka/kafka_2.13-3.7.1/bin/../libs/zstd-jni-1.5.6-3.jar (org.apache.zookeeper.ZooKeeper)
[2024-08-23 09:58:13,537] INFO Client environment:java.library.path=/usr/java/packages/lib:/usr/lib/x86_64-linux-gnu/jni:/lib/x86_64-linux-gnu:/usr/lib/x86_64-linux-gnu:/usr/lib/jni:/lib:/usr/lib (org.apache.zookeeper.ZooKeeper)
[2024-08-23 09:58:13,537] INFO Client environment:java.io.tmpdir=/tmp (org.apache.zookeeper.ZooKeeper)
[2024-08-23 09:58:13,537] INFO Client environment:java.compiler=<NA> (org.apache.zookeeper.ZooKeeper)
[2024-08-23 09:58:13,537] INFO Client environment:os.name=Linux (org.apache.zookeeper.ZooKeeper)
[2024-08-23 09:58:13,537] INFO Client environment:os.arch=amd64 (org.apache.zookeeper.ZooKeeper)
[2024-08-23 09:58:13,537] INFO Client environment:os.version=5.15.0-117-generic (org.apache.zookeeper.ZooKeeper)
[2024-08-23 09:58:13,537] INFO Client environment:user.name=npci-admin (org.apache.zookeeper.ZooKeeper)
[2024-08-23 09:58:13,537] INFO Client environment:user.home=/home/npci-admin (org.apache.zookeeper.ZooKeeper)
[2024-08-23 09:58:13,537] INFO Client environment:user.dir=/home/npci-admin/Desktop/Shivam/kafka/kafka_2.13-3.7.1 (org.apache.zookeeper.ZooKeeper)
[2024-08-23 09:58:13,537] INFO Client environment:os.memory.free=985MB (org.apache.zookeeper.ZooKeeper)
[2024-08-23 09:58:13,537] INFO Client environment:os.memory.max=1024MB (org.apache.zookeeper.ZooKeeper)
[2024-08-23 09:58:13,537] INFO Client environment:os.memory.total=1024MB (org.apache.zookeeper.ZooKeeper)
[2024-08-23 09:58:13,538] INFO Initiating client connection, connectString=localhost:2181 sessionTimeout=18000 watcher=kafka.zookeeper.ZooKeeperClient$ZooKeeperClientWatcher$@651aed93 (org.apache.zookeeper.ZooKeeper)
[2024-08-23 09:58:13,541] INFO jute.maxbuffer value is 4194304 Bytes (org.apache.zookeeper.ClientCnxnSocket)
[2024-08-23 09:58:13,545] INFO zookeeper.request.timeout value is 0. feature enabled=false (org.apache.zookeeper.ClientCnxn)
[2024-08-23 09:58:13,546] INFO [ZooKeeperClient Kafka server] Waiting until connected. (kafka.zookeeper.ZooKeeperClient)
[2024-08-23 09:58:13,547] INFO Opening socket connection to server localhost/127.0.0.1:2181. (org.apache.zookeeper.ClientCnxn)
[2024-08-23 09:58:13,548] INFO Socket connection established, initiating session, client: /127.0.0.1:43030, server: localhost/127.0.0.1:2181 (org.apache.zookeeper.ClientCnxn)
[2024-08-23 09:58:13,553] INFO Session establishment complete on server localhost/127.0.0.1:2181, session id = 0x1000425764e0002, negotiated timeout = 18000 (org.apache.zookeeper.ClientCnxn)
[2024-08-23 09:58:13,555] INFO [ZooKeeperClient Kafka server] Connected. (kafka.zookeeper.ZooKeeperClient)
[2024-08-23 09:58:13,734] INFO Cluster ID = yXcmnwyfS1e8EW-0l4PD-g (kafka.server.KafkaServer)
[2024-08-23 09:58:13,764] INFO KafkaConfig values: 
	advertised.listeners = null
	alter.config.policy.class.name = null
	alter.log.dirs.replication.quota.window.num = 11
	alter.log.dirs.replication.quota.window.size.seconds = 1
	authorizer.class.name = 
	auto.create.topics.enable = true
	auto.include.jmx.reporter = true
	auto.leader.rebalance.enable = true
	background.threads = 10
	broker.heartbeat.interval.ms = 2000
	broker.id = 103
	broker.id.generation.enable = true
	broker.rack = null
	broker.session.timeout.ms = 9000
	client.quota.callback.class = null
	compression.type = producer
	connection.failed.authentication.delay.ms = 100
	connections.max.idle.ms = 600000
	connections.max.reauth.ms = 0
	control.plane.listener.name = null
	controlled.shutdown.enable = true
	controlled.shutdown.max.retries = 3
	controlled.shutdown.retry.backoff.ms = 5000
	controller.listener.names = null
	controller.quorum.append.linger.ms = 25
	controller.quorum.election.backoff.max.ms = 1000
	controller.quorum.election.timeout.ms = 1000
	controller.quorum.fetch.timeout.ms = 2000
	controller.quorum.request.timeout.ms = 2000
	controller.quorum.retry.backoff.ms = 20
	controller.quorum.voters = []
	controller.quota.window.num = 11
	controller.quota.window.size.seconds = 1
	controller.socket.timeout.ms = 30000
	create.topic.policy.class.name = null
	default.replication.factor = 1
	delegation.token.expiry.check.interval.ms = 3600000
	delegation.token.expiry.time.ms = 86400000
	delegation.token.master.key = null
	delegation.token.max.lifetime.ms = 604800000
	delegation.token.secret.key = null
	delete.records.purgatory.purge.interval.requests = 1
	delete.topic.enable = true
	early.start.listeners = null
	eligible.leader.replicas.enable = false
	fetch.max.bytes = 57671680
	fetch.purgatory.purge.interval.requests = 1000
	group.consumer.assignors = [org.apache.kafka.coordinator.group.assignor.UniformAssignor, org.apache.kafka.coordinator.group.assignor.RangeAssignor]
	group.consumer.heartbeat.interval.ms = 5000
	group.consumer.max.heartbeat.interval.ms = 15000
	group.consumer.max.session.timeout.ms = 60000
	group.consumer.max.size = 2147483647
	group.consumer.min.heartbeat.interval.ms = 5000
	group.consumer.min.session.timeout.ms = 45000
	group.consumer.session.timeout.ms = 45000
	group.coordinator.new.enable = false
	group.coordinator.rebalance.protocols = [classic]
	group.coordinator.threads = 1
	group.initial.rebalance.delay.ms = 0
	group.max.session.timeout.ms = 1800000
	group.max.size = 2147483647
	group.min.session.timeout.ms = 6000
	initial.broker.registration.timeout.ms = 60000
	inter.broker.listener.name = null
	inter.broker.protocol.version = 3.7-IV4
	kafka.metrics.polling.interval.secs = 10
	kafka.metrics.reporters = []
	leader.imbalance.check.interval.seconds = 300
	leader.imbalance.per.broker.percentage = 10
	listener.security.protocol.map = PLAINTEXT:PLAINTEXT,SSL:SSL,SASL_PLAINTEXT:SASL_PLAINTEXT,SASL_SSL:SASL_SSL
	listeners = PLAINTEXT://:9094
	log.cleaner.backoff.ms = 15000
	log.cleaner.dedupe.buffer.size = 134217728
	log.cleaner.delete.retention.ms = 86400000
	log.cleaner.enable = true
	log.cleaner.io.buffer.load.factor = 0.9
	log.cleaner.io.buffer.size = 524288
	log.cleaner.io.max.bytes.per.second = 1.7976931348623157E308
	log.cleaner.max.compaction.lag.ms = 9223372036854775807
	log.cleaner.min.cleanable.ratio = 0.5
	log.cleaner.min.compaction.lag.ms = 0
	log.cleaner.threads = 1
	log.cleanup.policy = [delete]
	log.dir = /tmp/kafka-logs
	log.dirs = /tmp/kafka-logs-103
	log.flush.interval.messages = 9223372036854775807
	log.flush.interval.ms = null
	log.flush.offset.checkpoint.interval.ms = 60000
	log.flush.scheduler.interval.ms = 9223372036854775807
	log.flush.start.offset.checkpoint.interval.ms = 60000
	log.index.interval.bytes = 4096
	log.index.size.max.bytes = 10485760
	log.local.retention.bytes = -2
	log.local.retention.ms = -2
	log.message.downconversion.enable = true
	log.message.format.version = 3.0-IV1
	log.message.timestamp.after.max.ms = 9223372036854775807
	log.message.timestamp.before.max.ms = 9223372036854775807
	log.message.timestamp.difference.max.ms = 9223372036854775807
	log.message.timestamp.type = CreateTime
	log.preallocate = false
	log.retention.bytes = -1
	log.retention.check.interval.ms = 300000
	log.retention.hours = 168
	log.retention.minutes = null
	log.retention.ms = null
	log.roll.hours = 168
	log.roll.jitter.hours = 0
	log.roll.jitter.ms = null
	log.roll.ms = null
	log.segment.bytes = 1073741824
	log.segment.delete.delay.ms = 60000
	max.connection.creation.rate = 2147483647
	max.connections = 2147483647
	max.connections.per.ip = 2147483647
	max.connections.per.ip.overrides = 
	max.incremental.fetch.session.cache.slots = 1000
	message.max.bytes = 1048588
	metadata.log.dir = null
	metadata.log.max.record.bytes.between.snapshots = 20971520
	metadata.log.max.snapshot.interval.ms = 3600000
	metadata.log.segment.bytes = 1073741824
	metadata.log.segment.min.bytes = 8388608
	metadata.log.segment.ms = 604800000
	metadata.max.idle.interval.ms = 500
	metadata.max.retention.bytes = 104857600
	metadata.max.retention.ms = 604800000
	metric.reporters = []
	metrics.num.samples = 2
	metrics.recording.level = INFO
	metrics.sample.window.ms = 30000
	min.insync.replicas = 1
	node.id = 103
	num.io.threads = 8
	num.network.threads = 3
	num.partitions = 1
	num.recovery.threads.per.data.dir = 1
	num.replica.alter.log.dirs.threads = null
	num.replica.fetchers = 1
	offset.metadata.max.bytes = 4096
	offsets.commit.required.acks = -1
	offsets.commit.timeout.ms = 5000
	offsets.load.buffer.size = 5242880
	offsets.retention.check.interval.ms = 600000
	offsets.retention.minutes = 10080
	offsets.topic.compression.codec = 0
	offsets.topic.num.partitions = 50
	offsets.topic.replication.factor = 1
	offsets.topic.segment.bytes = 104857600
	password.encoder.cipher.algorithm = AES/CBC/PKCS5Padding
	password.encoder.iterations = 4096
	password.encoder.key.length = 128
	password.encoder.keyfactory.algorithm = null
	password.encoder.old.secret = null
	password.encoder.secret = null
	principal.builder.class = class org.apache.kafka.common.security.authenticator.DefaultKafkaPrincipalBuilder
	process.roles = []
	producer.id.expiration.check.interval.ms = 600000
	producer.id.expiration.ms = 86400000
	producer.purgatory.purge.interval.requests = 1000
	queued.max.request.bytes = -1
	queued.max.requests = 500
	quota.window.num = 11
	quota.window.size.seconds = 1
	remote.log.index.file.cache.total.size.bytes = 1073741824
	remote.log.manager.task.interval.ms = 30000
	remote.log.manager.task.retry.backoff.max.ms = 30000
	remote.log.manager.task.retry.backoff.ms = 500
	remote.log.manager.task.retry.jitter = 0.2
	remote.log.manager.thread.pool.size = 10
	remote.log.metadata.custom.metadata.max.bytes = 128
	remote.log.metadata.manager.class.name = org.apache.kafka.server.log.remote.metadata.storage.TopicBasedRemoteLogMetadataManager
	remote.log.metadata.manager.class.path = null
	remote.log.metadata.manager.impl.prefix = rlmm.config.
	remote.log.metadata.manager.listener.name = null
	remote.log.reader.max.pending.tasks = 100
	remote.log.reader.threads = 10
	remote.log.storage.manager.class.name = null
	remote.log.storage.manager.class.path = null
	remote.log.storage.manager.impl.prefix = rsm.config.
	remote.log.storage.system.enable = false
	replica.fetch.backoff.ms = 1000
	replica.fetch.max.bytes = 1048576
	replica.fetch.min.bytes = 1
	replica.fetch.response.max.bytes = 10485760
	replica.fetch.wait.max.ms = 500
	replica.high.watermark.checkpoint.interval.ms = 5000
	replica.lag.time.max.ms = 30000
	replica.selector.class = null
	replica.socket.receive.buffer.bytes = 65536
	replica.socket.timeout.ms = 30000
	replication.quota.window.num = 11
	replication.quota.window.size.seconds = 1
	request.timeout.ms = 30000
	reserved.broker.max.id = 1000
	sasl.client.callback.handler.class = null
	sasl.enabled.mechanisms = [GSSAPI]
	sasl.jaas.config = null
	sasl.kerberos.kinit.cmd = /usr/bin/kinit
	sasl.kerberos.min.time.before.relogin = 60000
	sasl.kerberos.principal.to.local.rules = [DEFAULT]
	sasl.kerberos.service.name = null
	sasl.kerberos.ticket.renew.jitter = 0.05
	sasl.kerberos.ticket.renew.window.factor = 0.8
	sasl.login.callback.handler.class = null
	sasl.login.class = null
	sasl.login.connect.timeout.ms = null
	sasl.login.read.timeout.ms = null
	sasl.login.refresh.buffer.seconds = 300
	sasl.login.refresh.min.period.seconds = 60
	sasl.login.refresh.window.factor = 0.8
	sasl.login.refresh.window.jitter = 0.05
	sasl.login.retry.backoff.max.ms = 10000
	sasl.login.retry.backoff.ms = 100
	sasl.mechanism.controller.protocol = GSSAPI
	sasl.mechanism.inter.broker.protocol = GSSAPI
	sasl.oauthbearer.clock.skew.seconds = 30
	sasl.oauthbearer.expected.audience = null
	sasl.oauthbearer.expected.issuer = null
	sasl.oauthbearer.jwks.endpoint.refresh.ms = 3600000
	sasl.oauthbearer.jwks.endpoint.retry.backoff.max.ms = 10000
	sasl.oauthbearer.jwks.endpoint.retry.backoff.ms = 100
	sasl.oauthbearer.jwks.endpoint.url = null
	sasl.oauthbearer.scope.claim.name = scope
	sasl.oauthbearer.sub.claim.name = sub
	sasl.oauthbearer.token.endpoint.url = null
	sasl.server.callback.handler.class = null
	sasl.server.max.receive.size = 524288
	security.inter.broker.protocol = PLAINTEXT
	security.providers = null
	server.max.startup.time.ms = 9223372036854775807
	socket.connection.setup.timeout.max.ms = 30000
	socket.connection.setup.timeout.ms = 10000
	socket.listen.backlog.size = 50
	socket.receive.buffer.bytes = 102400
	socket.request.max.bytes = 104857600
	socket.send.buffer.bytes = 102400
	ssl.allow.dn.changes = false
	ssl.allow.san.changes = false
	ssl.cipher.suites = []
	ssl.client.auth = none
	ssl.enabled.protocols = [TLSv1.2, TLSv1.3]
	ssl.endpoint.identification.algorithm = https
	ssl.engine.factory.class = null
	ssl.key.password = null
	ssl.keymanager.algorithm = SunX509
	ssl.keystore.certificate.chain = null
	ssl.keystore.key = null
	ssl.keystore.location = null
	ssl.keystore.password = null
	ssl.keystore.type = JKS
	ssl.principal.mapping.rules = DEFAULT
	ssl.protocol = TLSv1.3
	ssl.provider = null
	ssl.secure.random.implementation = null
	ssl.trustmanager.algorithm = PKIX
	ssl.truststore.certificates = null
	ssl.truststore.location = null
	ssl.truststore.password = null
	ssl.truststore.type = JKS
	telemetry.max.bytes = 1048576
	transaction.abort.timed.out.transaction.cleanup.interval.ms = 10000
	transaction.max.timeout.ms = 900000
	transaction.partition.verification.enable = true
	transaction.remove.expired.transaction.cleanup.interval.ms = 3600000
	transaction.state.log.load.buffer.size = 5242880
	transaction.state.log.min.isr = 1
	transaction.state.log.num.partitions = 50
	transaction.state.log.replication.factor = 1
	transaction.state.log.segment.bytes = 104857600
	transactional.id.expiration.ms = 604800000
	unclean.leader.election.enable = false
	unstable.api.versions.enable = false
	unstable.metadata.versions.enable = false
	zookeeper.clientCnxnSocket = null
	zookeeper.connect = localhost:2181
	zookeeper.connection.timeout.ms = 18000
	zookeeper.max.in.flight.requests = 10
	zookeeper.metadata.migration.enable = false
	zookeeper.metadata.migration.min.batch.size = 200
	zookeeper.session.timeout.ms = 18000
	zookeeper.set.acl = false
	zookeeper.ssl.cipher.suites = null
	zookeeper.ssl.client.enable = false
	zookeeper.ssl.crl.enable = false
	zookeeper.ssl.enabled.protocols = null
	zookeeper.ssl.endpoint.identification.algorithm = HTTPS
	zookeeper.ssl.keystore.location = null
	zookeeper.ssl.keystore.password = null
	zookeeper.ssl.keystore.type = null
	zookeeper.ssl.ocsp.enable = false
	zookeeper.ssl.protocol = TLSv1.2
	zookeeper.ssl.truststore.location = null
	zookeeper.ssl.truststore.password = null
	zookeeper.ssl.truststore.type = null
 (kafka.server.KafkaConfig)
[2024-08-23 09:58:13,785] INFO [ThrottledChannelReaper-Fetch]: Starting (kafka.server.ClientQuotaManager$ThrottledChannelReaper)
[2024-08-23 09:58:13,786] INFO [ThrottledChannelReaper-Produce]: Starting (kafka.server.ClientQuotaManager$ThrottledChannelReaper)
[2024-08-23 09:58:13,786] INFO [ThrottledChannelReaper-Request]: Starting (kafka.server.ClientQuotaManager$ThrottledChannelReaper)
[2024-08-23 09:58:13,788] INFO [ThrottledChannelReaper-ControllerMutation]: Starting (kafka.server.ClientQuotaManager$ThrottledChannelReaper)
[2024-08-23 09:58:13,814] INFO Loading logs from log dirs ArraySeq(/tmp/kafka-logs-103) (kafka.log.LogManager)
[2024-08-23 09:58:13,821] INFO Skipping recovery of 3 logs from /tmp/kafka-logs-103 since clean shutdown file was found (kafka.log.LogManager)
[2024-08-23 09:58:13,862] INFO [LogLoader partition=Deepak-2, dir=/tmp/kafka-logs-103] Loading producer state till offset 3193 with message format version 2 (kafka.log.UnifiedLog$)
[2024-08-23 09:58:13,862] INFO [LogLoader partition=Deepak-2, dir=/tmp/kafka-logs-103] Reloading from producer snapshot and rebuilding producer state from offset 3193 (kafka.log.UnifiedLog$)
[2024-08-23 09:58:13,862] INFO [ProducerStateManager partition=Deepak-2] Loading producer state from snapshot file 'SnapshotFile(offset=3193, file=/tmp/kafka-logs-103/Deepak-2/00000000000000003193.snapshot)' (org.apache.kafka.storage.internals.log.ProducerStateManager)
[2024-08-23 09:58:13,867] INFO [LogLoader partition=Deepak-2, dir=/tmp/kafka-logs-103] Producer state recovery took 5ms for snapshot load and 0ms for segment recovery from offset 3193 (kafka.log.UnifiedLog$)
[2024-08-23 09:58:13,875] INFO Completed load of Log(dir=/tmp/kafka-logs-103/Deepak-2, topicId=FotWFK6VQLusH5vHpgC8Bw, topic=Deepak, partition=2, highWatermark=0, lastStableOffset=0, logStartOffset=0, logEndOffset=3193) with 1 segments, local-log-start-offset 0 and log-end-offset 3193 in 50ms (1/3 completed in /tmp/kafka-logs-103) (kafka.log.LogManager)
[2024-08-23 09:58:13,878] INFO [LogLoader partition=Deepak-0, dir=/tmp/kafka-logs-103] Loading producer state till offset 2907 with message format version 2 (kafka.log.UnifiedLog$)
[2024-08-23 09:58:13,878] INFO [LogLoader partition=Deepak-0, dir=/tmp/kafka-logs-103] Reloading from producer snapshot and rebuilding producer state from offset 2907 (kafka.log.UnifiedLog$)
[2024-08-23 09:58:13,878] INFO [ProducerStateManager partition=Deepak-0] Loading producer state from snapshot file 'SnapshotFile(offset=2907, file=/tmp/kafka-logs-103/Deepak-0/00000000000000002907.snapshot)' (org.apache.kafka.storage.internals.log.ProducerStateManager)
[2024-08-23 09:58:13,878] INFO [LogLoader partition=Deepak-0, dir=/tmp/kafka-logs-103] Producer state recovery took 0ms for snapshot load and 0ms for segment recovery from offset 2907 (kafka.log.UnifiedLog$)
[2024-08-23 09:58:13,879] INFO Completed load of Log(dir=/tmp/kafka-logs-103/Deepak-0, topicId=FotWFK6VQLusH5vHpgC8Bw, topic=Deepak, partition=0, highWatermark=0, lastStableOffset=0, logStartOffset=0, logEndOffset=2907) with 1 segments, local-log-start-offset 0 and log-end-offset 2907 in 3ms (2/3 completed in /tmp/kafka-logs-103) (kafka.log.LogManager)
[2024-08-23 09:58:13,881] INFO [LogLoader partition=Deepak-1, dir=/tmp/kafka-logs-103] Loading producer state till offset 3198 with message format version 2 (kafka.log.UnifiedLog$)
[2024-08-23 09:58:13,881] INFO [LogLoader partition=Deepak-1, dir=/tmp/kafka-logs-103] Reloading from producer snapshot and rebuilding producer state from offset 3198 (kafka.log.UnifiedLog$)
[2024-08-23 09:58:13,881] INFO [ProducerStateManager partition=Deepak-1] Loading producer state from snapshot file 'SnapshotFile(offset=3198, file=/tmp/kafka-logs-103/Deepak-1/00000000000000003198.snapshot)' (org.apache.kafka.storage.internals.log.ProducerStateManager)
[2024-08-23 09:58:13,881] INFO [LogLoader partition=Deepak-1, dir=/tmp/kafka-logs-103] Producer state recovery took 0ms for snapshot load and 0ms for segment recovery from offset 3198 (kafka.log.UnifiedLog$)
[2024-08-23 09:58:13,882] INFO Completed load of Log(dir=/tmp/kafka-logs-103/Deepak-1, topicId=FotWFK6VQLusH5vHpgC8Bw, topic=Deepak, partition=1, highWatermark=0, lastStableOffset=0, logStartOffset=0, logEndOffset=3198) with 1 segments, local-log-start-offset 0 and log-end-offset 3198 in 4ms (3/3 completed in /tmp/kafka-logs-103) (kafka.log.LogManager)
[2024-08-23 09:58:13,885] INFO Loaded 3 logs in 71ms (kafka.log.LogManager)
[2024-08-23 09:58:13,886] INFO Starting log cleanup with a period of 300000 ms. (kafka.log.LogManager)
[2024-08-23 09:58:13,886] INFO Starting log flusher with a default period of 9223372036854775807 ms. (kafka.log.LogManager)
[2024-08-23 09:58:13,932] INFO [kafka-log-cleaner-thread-0]: Starting (kafka.log.LogCleaner$CleanerThread)
[2024-08-23 09:58:13,940] INFO [feature-zk-node-event-process-thread]: Starting (kafka.server.FinalizedFeatureChangeListener$ChangeNotificationProcessorThread)
[2024-08-23 09:58:13,951] INFO [MetadataCache brokerId=103] Updated cache from existing None to latest Features(version=3.7-IV4, finalizedFeatures={}, finalizedFeaturesEpoch=0). (kafka.server.metadata.ZkMetadataCache)
[2024-08-23 09:58:13,965] INFO [zk-broker-103-to-controller-forwarding-channel-manager]: Starting (kafka.server.NodeToControllerRequestThread)
[2024-08-23 09:58:14,170] INFO Updated connection-accept-rate max connection creation rate to 2147483647 (kafka.network.ConnectionQuotas)
[2024-08-23 09:58:14,182] INFO [SocketServer listenerType=ZK_BROKER, nodeId=103] Created data-plane acceptor and processors for endpoint : ListenerName(PLAINTEXT) (kafka.network.SocketServer)
[2024-08-23 09:58:14,186] INFO [zk-broker-103-to-controller-alter-partition-channel-manager]: Starting (kafka.server.NodeToControllerRequestThread)
[2024-08-23 09:58:14,205] INFO [ExpirationReaper-103-Produce]: Starting (kafka.server.DelayedOperationPurgatory$ExpiredOperationReaper)
[2024-08-23 09:58:14,206] INFO [ExpirationReaper-103-Fetch]: Starting (kafka.server.DelayedOperationPurgatory$ExpiredOperationReaper)
[2024-08-23 09:58:14,207] INFO [ExpirationReaper-103-DeleteRecords]: Starting (kafka.server.DelayedOperationPurgatory$ExpiredOperationReaper)
[2024-08-23 09:58:14,208] INFO [ExpirationReaper-103-ElectLeader]: Starting (kafka.server.DelayedOperationPurgatory$ExpiredOperationReaper)
[2024-08-23 09:58:14,209] INFO [ExpirationReaper-103-RemoteFetch]: Starting (kafka.server.DelayedOperationPurgatory$ExpiredOperationReaper)
[2024-08-23 09:58:14,219] INFO [LogDirFailureHandler]: Starting (kafka.server.ReplicaManager$LogDirFailureHandler)
[2024-08-23 09:58:14,219] INFO [AddPartitionsToTxnSenderThread-103]: Starting (kafka.server.AddPartitionsToTxnManager)
[2024-08-23 09:58:14,263] INFO Creating /brokers/ids/103 (is it secure? false) (kafka.zk.KafkaZkClient)
[2024-08-23 09:58:14,275] INFO Stat of the created znode at /brokers/ids/103 is: 138,138,1724387294269,1724387294269,1,0,0,72062152983052290,242,0,138
 (kafka.zk.KafkaZkClient)
[2024-08-23 09:58:14,276] INFO Registered broker 103 at path /brokers/ids/103 with addresses: PLAINTEXT://npciadmin-HP-EliteBook-830-G6:9094, czxid (broker epoch): 138 (kafka.zk.KafkaZkClient)
[2024-08-23 09:58:14,338] INFO [ExpirationReaper-103-topic]: Starting (kafka.server.DelayedOperationPurgatory$ExpiredOperationReaper)
[2024-08-23 09:58:14,345] INFO [ExpirationReaper-103-Heartbeat]: Starting (kafka.server.DelayedOperationPurgatory$ExpiredOperationReaper)
[2024-08-23 09:58:14,346] INFO [ExpirationReaper-103-Rebalance]: Starting (kafka.server.DelayedOperationPurgatory$ExpiredOperationReaper)
[2024-08-23 09:58:14,357] INFO [GroupCoordinator 103]: Starting up. (kafka.coordinator.group.GroupCoordinator)
[2024-08-23 09:58:14,361] INFO [GroupCoordinator 103]: Startup complete. (kafka.coordinator.group.GroupCoordinator)
[2024-08-23 09:58:14,381] INFO [TransactionCoordinator id=103] Starting up. (kafka.coordinator.transaction.TransactionCoordinator)
[2024-08-23 09:58:14,384] INFO [TxnMarkerSenderThread-103]: Starting (kafka.coordinator.transaction.TransactionMarkerChannelManager)
[2024-08-23 09:58:14,384] INFO [TransactionCoordinator id=103] Startup complete. (kafka.coordinator.transaction.TransactionCoordinator)
[2024-08-23 09:58:14,413] INFO [ExpirationReaper-103-AlterAcls]: Starting (kafka.server.DelayedOperationPurgatory$ExpiredOperationReaper)
[2024-08-23 09:58:14,435] INFO [/config/changes-event-process-thread]: Starting (kafka.common.ZkNodeChangeNotificationListener$ChangeEventProcessThread)
[2024-08-23 09:58:14,449] INFO [SocketServer listenerType=ZK_BROKER, nodeId=103] Enabling request processing. (kafka.network.SocketServer)
[2024-08-23 09:58:14,451] INFO Awaiting socket connections on 0.0.0.0:9094. (kafka.network.DataPlaneAcceptor)
[2024-08-23 09:58:14,456] INFO Kafka version: 3.7.1 (org.apache.kafka.common.utils.AppInfoParser)
[2024-08-23 09:58:14,456] INFO Kafka commitId: e2494e6ffb89f828 (org.apache.kafka.common.utils.AppInfoParser)
[2024-08-23 09:58:14,456] INFO Kafka startTimeMs: 1724387294453 (org.apache.kafka.common.utils.AppInfoParser)
[2024-08-23 09:58:14,457] INFO [KafkaServer id=103] started (kafka.server.KafkaServer)
[2024-08-23 09:58:14,572] INFO [zk-broker-103-to-controller-forwarding-channel-manager]: Recorded new ZK controller, from now on will use node npciadmin-HP-EliteBook-830-G6:9092 (id: 101 rack: null) (kafka.server.NodeToControllerRequestThread)
[2024-08-23 09:58:14,587] INFO [Partition Deepak-0 broker=103] Log loaded for partition Deepak-0 with initial high watermark 2907 (kafka.cluster.Partition)
[2024-08-23 09:58:14,587] INFO [zk-broker-103-to-controller-alter-partition-channel-manager]: Recorded new ZK controller, from now on will use node npciadmin-HP-EliteBook-830-G6:9092 (id: 101 rack: null) (kafka.server.NodeToControllerRequestThread)
[2024-08-23 09:58:14,588] INFO [Partition Deepak-1 broker=103] Log loaded for partition Deepak-1 with initial high watermark 3198 (kafka.cluster.Partition)
[2024-08-23 09:58:14,588] INFO [Partition Deepak-2 broker=103] Log loaded for partition Deepak-2 with initial high watermark 3193 (kafka.cluster.Partition)
[2024-08-23 09:58:14,615] INFO [ReplicaFetcherManager on broker 103] Removed fetcher for partitions Set(Deepak-0, Deepak-1, Deepak-2) (kafka.server.ReplicaFetcherManager)
[2024-08-23 09:58:15,404] INFO [Partition Deepak-2 broker=103] ISR updated to 103,102  and version updated to 5 (kafka.cluster.Partition)
[2024-08-23 09:58:15,415] INFO [Partition Deepak-1 broker=103] ISR updated to 103,101  and version updated to 5 (kafka.cluster.Partition)
[2024-08-23 09:58:15,416] INFO [Partition Deepak-0 broker=103] ISR updated to 103,101  and version updated to 5 (kafka.cluster.Partition)
[2024-08-23 09:58:15,945] INFO [Partition Deepak-2 broker=103] ISR updated to 103,102,101  and version updated to 6 (kafka.cluster.Partition)
[2024-08-23 09:58:15,955] INFO [Partition Deepak-1 broker=103] ISR updated to 103,101,102  and version updated to 6 (kafka.cluster.Partition)
[2024-08-23 09:58:15,955] INFO [Partition Deepak-0 broker=103] ISR updated to 103,101,102  and version updated to 6 (kafka.cluster.Partition)
[2024-08-23 10:03:09,478] INFO [ReplicaFetcherManager on broker 103] Removed fetcher for partitions HashSet(Deepak-1) (kafka.server.ReplicaFetcherManager)
[2024-08-23 10:03:09,519] INFO [ReplicaFetcherThread-0-101]: Starting (kafka.server.ReplicaFetcherThread)
[2024-08-23 10:03:09,522] INFO [ReplicaFetcherManager on broker 103] Added fetcher to broker 101 for partitions Map(Deepak-1 -> InitialFetchState(Some(FotWFK6VQLusH5vHpgC8Bw),BrokerEndPoint(id=101, host=npciadmin-HP-EliteBook-830-G6:9092),5,3198)) (kafka.server.ReplicaFetcherManager)
[2024-08-23 10:03:09,536] INFO [ReplicaFetcherManager on broker 103] Removed fetcher for partitions HashSet(Deepak-0) (kafka.server.ReplicaFetcherManager)
[2024-08-23 10:03:09,542] INFO [ReplicaFetcherThread-0-102]: Starting (kafka.server.ReplicaFetcherThread)
[2024-08-23 10:03:09,542] INFO [ReplicaFetcherManager on broker 103] Added fetcher to broker 102 for partitions Map(Deepak-0 -> InitialFetchState(Some(FotWFK6VQLusH5vHpgC8Bw),BrokerEndPoint(id=102, host=npciadmin-HP-EliteBook-830-G6:9093),5,2907)) (kafka.server.ReplicaFetcherManager)
[2024-08-23 10:03:09,558] INFO [ReplicaFetcher replicaId=103, leaderId=101, fetcherId=0] Truncating partition Deepak-1 with TruncationState(offset=3198, completed=true) due to leader epoch and offset EpochEndOffset(errorCode=0, partition=1, leaderEpoch=0, endOffset=3198) (kafka.server.ReplicaFetcherThread)
[2024-08-23 10:03:09,560] INFO [UnifiedLog partition=Deepak-1, dir=/tmp/kafka-logs-103] Truncating to 3198 has no effect as the largest offset in the log is 3197 (kafka.log.UnifiedLog)
[2024-08-23 10:03:09,567] INFO [ReplicaFetcher replicaId=103, leaderId=102, fetcherId=0] Truncating partition Deepak-0 with TruncationState(offset=2907, completed=true) due to leader epoch and offset EpochEndOffset(errorCode=0, partition=0, leaderEpoch=0, endOffset=2907) (kafka.server.ReplicaFetcherThread)
[2024-08-23 10:03:09,567] INFO [UnifiedLog partition=Deepak-0, dir=/tmp/kafka-logs-103] Truncating to 2907 has no effect as the largest offset in the log is 2906 (kafka.log.UnifiedLog)
[2024-08-23 10:08:16,141] INFO [NodeToControllerChannelManager id=103 name=alter-partition] Node 101 disconnected. (org.apache.kafka.clients.NetworkClient)
set=3193, logStartOffset=0, maxBytes=1048576, currentLeaderEpoch=Optional[4], lastFetchedEpoch=Optional[0])}, isolationLevel=READ_UNCOMMITTED, removed=, replaced=, metadata=(sessionId=INVALID, epoch=INITIAL), rackId=) (kafka.server.ReplicaFetcherThread)
java.io.IOException: Connection to npciadmin-HP-EliteBook-830-G6:9094 (id: 103 rack: null) failed.
	at org.apache.kafka.clients.NetworkClientUtils.awaitReady(NetworkClientUtils.java:71)
	at kafka.server.BrokerBlockingSender.sendRequest(BrokerBlockingSender.scala:108)
	at kafka.server.RemoteLeaderEndPoint.fetch(RemoteLeaderEndPoint.scala:79)
	at kafka.server.AbstractFetcherThread.processFetchRequest(AbstractFetcherThread.scala:317)
	at kafka.server.AbstractFetcherThread.$anonfun$maybeFetch$3(AbstractFetcherThread.scala:131)
	at kafka.server.AbstractFetcherThread.$anonfun$maybeFetch$3$adapted(AbstractFetcherThread.scala:130)
	at scala.Option.foreach(Option.scala:437)
	at kafka.server.AbstractFetcherThread.maybeFetch(AbstractFetcherThread.scala:130)
	at kafka.server.AbstractFetcherThread.doWork(AbstractFetcherThread.scala:113)
	at kafka.server.ReplicaFetcherThread.doWork(ReplicaFetcherThread.scala:98)
	at org.apache.kafka.server.util.ShutdownableThread.run(ShutdownableThread.java:135)
log4j:ERROR Failed to rename [/home/npci-admin/Desktop/Shivam/kafka/kafka_2.13-3.7.1/bin/../logs/state-change.log] to [/home/npci-admin/Desktop/Shivam/kafka/kafka_2.13-3.7.1/bin/../logs/state-change.log.2024-08-23-09].
[2024-08-23 10:03:09,477] INFO [ReplicaFetcherManager on broker 102] Removed fetcher for partitions HashSet(Deepak-1) (kafka.server.ReplicaFetcherManager)
[2024-08-23 10:03:09,483] INFO [ReplicaFetcherManager on broker 102] Added fetcher to broker 101 for partitions Map(Deepak-1 -> InitialFetchState(Some(FotWFK6VQLusH5vHpgC8Bw),BrokerEndPoint(id=101, host=npciadmin-HP-EliteBook-830-G6:9092),5,3198)) (kafka.server.ReplicaFetcherManager)
[2024-08-23 10:03:09,483] INFO [ReplicaFetcherThread-0-101]: Starting (kafka.server.ReplicaFetcherThread)
[2024-08-23 10:03:09,491] INFO [ReplicaFetcherManager on broker 102] Removed fetcher for partitions Set(Deepak-0) (kafka.server.ReplicaFetcherManager)
urrentLeaderEpoch=Optional[4], lastFetchedEpoch=Optional[0])}, isolationLevel=READ_UNCOMMITTED, removed=, replaced=, metadata=(sessionId=INVALID, epoch=INITIAL), rackId=) (kafka.server.ReplicaFetcherThread)
java.io.IOException: Connection to npciadmin-HP-EliteBook-830-G6:9094 (id: 103 rack: null) failed.
	at org.apache.kafka.clients.NetworkClientUtils.awaitReady(NetworkClientUtils.java:71)
	at kafka.server.BrokerBlockingSender.sendRequest(BrokerBlockingSender.scala:108)
	at kafka.server.RemoteLeaderEndPoint.fetch(RemoteLeaderEndPoint.scala:79)
	at kafka.server.AbstractFetcherThread.processFetchRequest(AbstractFetcherThread.scala:317)
	at kafka.server.AbstractFetcherThread.$anonfun$maybeFetch$3(AbstractFetcherThread.scala:131)
	at kafka.server.AbstractFetcherThread.$anonfun$maybeFetch$3$adapted(AbstractFetcherThread.scala:130)
	at scala.Option.foreach(Option.scala:437)
	at kafka.server.AbstractFetcherThread.maybeFetch(AbstractFetcherThread.scala:130)
	at kafka.server.AbstractFetcherThread.doWork(AbstractFetcherThread.scala:113)
	at kafka.server.ReplicaFetcherThread.doWork(ReplicaFetcherThread.scala:98)
	at org.apache.kafka.server.util.ShutdownableThread.run(ShutdownableThread.java:135)
[2024-08-23 09:58:14,382] INFO [Controller id=101, targetBrokerId=103] Node 103 disconnected. (org.apache.kafka.clients.NetworkClient)
[2024-08-23 09:58:14,383] WARN [Controller id=101, targetBrokerId=103] Connection to node 103 (npciadmin-HP-EliteBook-830-G6/127.0.1.1:9094) could not be established. Node may not be available. (org.apache.kafka.clients.NetworkClient)
[2024-08-23 09:58:14,383] INFO [Controller id=101, targetBrokerId=103] Client requested connection close from node 103 (org.apache.kafka.clients.NetworkClient)
[2024-08-23 10:03:09,477] INFO [ReplicaFetcherManager on broker 101] Removed fetcher for partitions Set(Deepak-1) (kafka.server.ReplicaFetcherManager)
log4j:ERROR Failed to rename [/home/npci-admin/Desktop/Shivam/kafka/kafka_2.13-3.7.1/bin/../logs/server.log] to [/home/npci-admin/Desktop/Shivam/kafka/kafka_2.13-3.7.1/bin/../logs/server.log.2024-08-23-09].
[2024-08-23 10:03:09,502] INFO [ReplicaFetcherManager on broker 101] Removed fetcher for partitions HashSet(Deepak-0) (kafka.server.ReplicaFetcherManager)
[2024-08-23 10:03:09,507] INFO [ReplicaFetcherManager on broker 101] Added fetcher to broker 102 for partitions Map(Deepak-0 -> InitialFetchState(Some(FotWFK6VQLusH5vHpgC8Bw),BrokerEndPoint(id=102, host=npciadmin-HP-EliteBook-830-G6:9093),5,2907)) (kafka.server.ReplicaFetcherManager)
[2024-08-23 10:03:09,507] INFO [ReplicaFetcherThread-0-102]: Starting (kafka.server.ReplicaFetcherThread)
