[2024-08-23 10:03:09,474] INFO [Broker id=103] Handling LeaderAndIsr request correlationId 9 from controller 101 for 1 partitions (state.change.logger)
[2024-08-23 10:03:09,474] INFO [Broker id=102] Handling LeaderAndIsr request correlationId 11 from controller 101 for 1 partitions (state.change.logger)
[2024-08-23 10:03:09,475] INFO [Broker id=102] Follower Deepak-1 starts at leader epoch 5 from offset 3198 with partition epoch 7 and high watermark 3198. Current leader is 101. Previous leader Some(101) and previous leader epoch was 5. (state.change.logger)
[2024-08-23 10:03:09,478] INFO [Broker id=102] Stopped fetchers as part of become-follower request from controller 101 epoch 3 with correlation id 11 for 1 partitions (state.change.logger)
[2024-08-23 10:03:09,478] INFO [Broker id=103] Follower Deepak-1 starts at leader epoch 5 from offset 3198 with partition epoch 7 and high watermark 3198. Current leader is 101. Previous leader Some(101) and previous leader epoch was 5. (state.change.logger)
[2024-08-23 10:03:09,479] INFO [Broker id=103] Stopped fetchers as part of become-follower request from controller 101 epoch 3 with correlation id 9 for 1 partitions (state.change.logger)
[2024-08-23 10:03:09,483] INFO [Broker id=102] Finished LeaderAndIsr request in 9ms correlationId 11 from controller 101 for 1 partitions (state.change.logger)
[2024-08-23 10:03:09,486] INFO [Broker id=102] Add 1 partitions and deleted 0 partitions from metadata cache in response to UpdateMetadata request sent by controller 101 epoch 3 with correlation id 12 (state.change.logger)
[2024-08-23 10:03:09,488] INFO [Broker id=102] Handling LeaderAndIsr request correlationId 13 from controller 101 for 1 partitions (state.change.logger)
[2024-08-23 10:03:09,495] INFO [Broker id=102] Stopped fetchers as part of LeaderAndIsr request correlationId 13 from controller 101 epoch 3 as part of the become-leader transition for 1 partitions (state.change.logger)
[2024-08-23 10:03:09,505] INFO [Broker id=102] Leader Deepak-0 with topic id Some(FotWFK6VQLusH5vHpgC8Bw) starts at leader epoch 5 from offset 2907 with partition epoch 7, high watermark 2907, ISR [103,101,102], adding replicas [] and removing replicas [] . Previous leader Some(103) and previous leader epoch was 4. (state.change.logger)
[2024-08-23 10:03:09,516] INFO [Broker id=102] Finished LeaderAndIsr request in 28ms correlationId 13 from controller 101 for 1 partitions (state.change.logger)
[2024-08-23 10:03:09,527] INFO [Broker id=102] Add 1 partitions and deleted 0 partitions from metadata cache in response to UpdateMetadata request sent by controller 101 epoch 3 with correlation id 14 (state.change.logger)
[2024-08-23 10:03:09,532] INFO [Broker id=103] Finished LeaderAndIsr request in 57ms correlationId 9 from controller 101 for 1 partitions (state.change.logger)
[2024-08-23 10:03:09,533] INFO [Broker id=103] Add 1 partitions and deleted 0 partitions from metadata cache in response to UpdateMetadata request sent by controller 101 epoch 3 with correlation id 10 (state.change.logger)
[2024-08-23 10:03:09,535] INFO [Broker id=103] Handling LeaderAndIsr request correlationId 11 from controller 101 for 1 partitions (state.change.logger)
[2024-08-23 10:03:09,535] INFO [Broker id=103] Follower Deepak-0 starts at leader epoch 5 from offset 2907 with partition epoch 7 and high watermark 2907. Current leader is 102. Previous leader Some(102) and previous leader epoch was 5. (state.change.logger)
[2024-08-23 10:03:09,536] INFO [Broker id=103] Stopped fetchers as part of become-follower request from controller 101 epoch 3 with correlation id 11 for 1 partitions (state.change.logger)
[2024-08-23 10:03:09,542] INFO [Broker id=103] Finished LeaderAndIsr request in 8ms correlationId 11 from controller 101 for 1 partitions (state.change.logger)
[2024-08-23 10:03:09,546] INFO [Broker id=103] Add 1 partitions and deleted 0 partitions from metadata cache in response to UpdateMetadata request sent by controller 101 epoch 3 with correlation id 12 (state.change.logger)
