[2024-08-23 09:56:34,622] INFO Reading configuration from: config/zookeeper.properties (org.apache.zookeeper.server.quorum.QuorumPeerConfig)
[2024-08-23 09:56:34,624] WARN config/zookeeper.properties is relative. Prepend ./ to indicate that you're sure! (org.apache.zookeeper.server.quorum.QuorumPeerConfig)
[2024-08-23 09:56:34,626] INFO clientPortAddress is 0.0.0.0:2181 (org.apache.zookeeper.server.quorum.QuorumPeerConfig)
[2024-08-23 09:56:34,626] INFO secureClientPort is not set (org.apache.zookeeper.server.quorum.QuorumPeerConfig)
[2024-08-23 09:56:34,626] INFO observerMasterPort is not set (org.apache.zookeeper.server.quorum.QuorumPeerConfig)
[2024-08-23 09:56:34,626] INFO metricsProvider.className is org.apache.zookeeper.metrics.impl.DefaultMetricsProvider (org.apache.zookeeper.server.quorum.QuorumPeerConfig)
[2024-08-23 09:56:34,628] INFO autopurge.snapRetainCount set to 3 (org.apache.zookeeper.server.DatadirCleanupManager)
[2024-08-23 09:56:34,628] INFO autopurge.purgeInterval set to 0 (org.apache.zookeeper.server.DatadirCleanupManager)
[2024-08-23 09:56:34,628] INFO Purge task is not scheduled. (org.apache.zookeeper.server.DatadirCleanupManager)
[2024-08-23 09:56:34,628] WARN Either no config or no quorum defined in config, running in standalone mode (org.apache.zookeeper.server.quorum.QuorumPeerMain)
[2024-08-23 09:56:34,629] INFO Log4j 1.2 jmx support not found; jmx disabled. (org.apache.zookeeper.jmx.ManagedUtil)
[2024-08-23 09:56:34,629] INFO Reading configuration from: config/zookeeper.properties (org.apache.zookeeper.server.quorum.QuorumPeerConfig)
[2024-08-23 09:56:34,629] WARN config/zookeeper.properties is relative. Prepend ./ to indicate that you're sure! (org.apache.zookeeper.server.quorum.QuorumPeerConfig)
[2024-08-23 09:56:34,630] INFO clientPortAddress is 0.0.0.0:2181 (org.apache.zookeeper.server.quorum.QuorumPeerConfig)
[2024-08-23 09:56:34,630] INFO secureClientPort is not set (org.apache.zookeeper.server.quorum.QuorumPeerConfig)
[2024-08-23 09:56:34,630] INFO observerMasterPort is not set (org.apache.zookeeper.server.quorum.QuorumPeerConfig)
[2024-08-23 09:56:34,630] INFO metricsProvider.className is org.apache.zookeeper.metrics.impl.DefaultMetricsProvider (org.apache.zookeeper.server.quorum.QuorumPeerConfig)
[2024-08-23 09:56:34,630] INFO Starting server (org.apache.zookeeper.server.ZooKeeperServerMain)
[2024-08-23 09:56:34,639] INFO ServerMetrics initialized with provider org.apache.zookeeper.metrics.impl.DefaultMetricsProvider@3d299e3 (org.apache.zookeeper.server.ServerMetrics)
[2024-08-23 09:56:34,641] INFO ACL digest algorithm is: SHA1 (org.apache.zookeeper.server.auth.DigestAuthenticationProvider)
[2024-08-23 09:56:34,641] INFO zookeeper.DigestAuthenticationProvider.enabled = true (org.apache.zookeeper.server.auth.DigestAuthenticationProvider)
[2024-08-23 09:56:34,643] INFO zookeeper.snapshot.trust.empty : false (org.apache.zookeeper.server.persistence.FileTxnSnapLog)
[2024-08-23 09:56:34,650] INFO  (org.apache.zookeeper.server.ZooKeeperServer)
[2024-08-23 09:56:34,650] INFO   ______                  _                                           (org.apache.zookeeper.server.ZooKeeperServer)
[2024-08-23 09:56:34,650] INFO  |___  /                 | |                                          (org.apache.zookeeper.server.ZooKeeperServer)
[2024-08-23 09:56:34,650] INFO     / /    ___     ___   | | __   ___    ___   _ __     ___   _ __    (org.apache.zookeeper.server.ZooKeeperServer)
[2024-08-23 09:56:34,650] INFO    / /    / _ \   / _ \  | |/ /  / _ \  / _ \ | '_ \   / _ \ | '__| (org.apache.zookeeper.server.ZooKeeperServer)
[2024-08-23 09:56:34,650] INFO   / /__  | (_) | | (_) | |   <  |  __/ |  __/ | |_) | |  __/ | |     (org.apache.zookeeper.server.ZooKeeperServer)
[2024-08-23 09:56:34,650] INFO  /_____|  \___/   \___/  |_|\_\  \___|  \___| | .__/   \___| |_| (org.apache.zookeeper.server.ZooKeeperServer)
[2024-08-23 09:56:34,650] INFO                                               | |                      (org.apache.zookeeper.server.ZooKeeperServer)
[2024-08-23 09:56:34,650] INFO                                               |_|                      (org.apache.zookeeper.server.ZooKeeperServer)
[2024-08-23 09:56:34,650] INFO  (org.apache.zookeeper.server.ZooKeeperServer)
[2024-08-23 09:56:34,651] INFO Server environment:zookeeper.version=3.8.4-9316c2a7a97e1666d8f4593f34dd6fc36ecc436c, built on 2024-02-12 22:16 UTC (org.apache.zookeeper.server.ZooKeeperServer)
[2024-08-23 09:56:34,652] INFO Server environment:host.name=npciadmin-HP-EliteBook-830-G6 (org.apache.zookeeper.server.ZooKeeperServer)
[2024-08-23 09:56:34,652] INFO Server environment:java.version=17.0.12 (org.apache.zookeeper.server.ZooKeeperServer)
[2024-08-23 09:56:34,652] INFO Server environment:java.vendor=Ubuntu (org.apache.zookeeper.server.ZooKeeperServer)
[2024-08-23 09:56:34,652] INFO Server environment:java.home=/usr/lib/jvm/java-17-openjdk-amd64 (org.apache.zookeeper.server.ZooKeeperServer)
[2024-08-23 09:56:34,652] INFO Server environment:java.class.path=/home/npci-admin/Desktop/Shivam/kafka/kafka_2.13-3.7.1/bin/../libs/activation-1.1.1.jar:/home/npci-admin/Desktop/Shivam/kafka/kafka_2.13-3.7.1/bin/../libs/aopalliance-repackaged-2.6.1.jar:/home/npci-admin/Desktop/Shivam/kafka/kafka_2.13-3.7.1/bin/../libs/argparse4j-0.7.0.jar:/home/npci-admin/Desktop/Shivam/kafka/kafka_2.13-3.7.1/bin/../libs/audience-annotations-0.12.0.jar:/home/npci-admin/Desktop/Shivam/kafka/kafka_2.13-3.7.1/bin/../libs/caffeine-2.9.3.jar:/home/npci-admin/Desktop/Shivam/kafka/kafka_2.13-3.7.1/bin/../libs/checker-qual-3.19.0.jar:/home/npci-admin/Desktop/Shivam/kafka/kafka_2.13-3.7.1/bin/../libs/commons-beanutils-1.9.4.jar:/home/npci-admin/Desktop/Shivam/kafka/kafka_2.13-3.7.1/bin/../libs/commons-cli-1.4.jar:/home/npci-admin/Desktop/Shivam/kafka/kafka_2.13-3.7.1/bin/../libs/commons-collections-3.2.2.jar:/home/npci-admin/Desktop/Shivam/kafka/kafka_2.13-3.7.1/bin/../libs/commons-digester-2.1.jar:/home/npci-admin/Desktop/Shivam/kafka/kafka_2.13-3.7.1/bin/../libs/commons-io-2.11.0.jar:/home/npci-admin/Desktop/Shivam/kafka/kafka_2.13-3.7.1/bin/../libs/commons-lang3-3.8.1.jar:/home/npci-admin/Desktop/Shivam/kafka/kafka_2.13-3.7.1/bin/../libs/commons-logging-1.2.jar:/home/npci-admin/Desktop/Shivam/kafka/kafka_2.13-3.7.1/bin/../libs/commons-validator-1.7.jar:/home/npci-admin/Desktop/Shivam/kafka/kafka_2.13-3.7.1/bin/../libs/connect-api-3.7.1.jar:/home/npci-admin/Desktop/Shivam/kafka/kafka_2.13-3.7.1/bin/../libs/connect-basic-auth-extension-3.7.1.jar:/home/npci-admin/Desktop/Shivam/kafka/kafka_2.13-3.7.1/bin/../libs/connect-json-3.7.1.jar:/home/npci-admin/Desktop/Shivam/kafka/kafka_2.13-3.7.1/bin/../libs/connect-mirror-3.7.1.jar:/home/npci-admin/Desktop/Shivam/kafka/kafka_2.13-3.7.1/bin/../libs/connect-mirror-client-3.7.1.jar:/home/npci-admin/Desktop/Shivam/kafka/kafka_2.13-3.7.1/bin/../libs/connect-runtime-3.7.1.jar:/home/npci-admin/Desktop/Shivam/kafka/kafka_2.13-3.7.1/bin/../libs/connect-transforms-3.7.1.jar:/home/npci-admin/Desktop/Shivam/kafka/kafka_2.13-3.7.1/bin/../libs/error_prone_annotations-2.10.0.jar:/home/npci-admin/Desktop/Shivam/kafka/kafka_2.13-3.7.1/bin/../libs/hk2-api-2.6.1.jar:/home/npci-admin/Desktop/Shivam/kafka/kafka_2.13-3.7.1/bin/../libs/hk2-locator-2.6.1.jar:/home/npci-admin/Desktop/Shivam/kafka/kafka_2.13-3.7.1/bin/../libs/hk2-utils-2.6.1.jar:/home/npci-admin/Desktop/Shivam/kafka/kafka_2.13-3.7.1/bin/../libs/jackson-annotations-2.16.2.jar:/home/npci-admin/Desktop/Shivam/kafka/kafka_2.13-3.7.1/bin/../libs/jackson-core-2.16.2.jar:/home/npci-admin/Desktop/Shivam/kafka/kafka_2.13-3.7.1/bin/../libs/jackson-databind-2.16.2.jar:/home/npci-admin/Desktop/Shivam/kafka/kafka_2.13-3.7.1/bin/../libs/jackson-dataformat-csv-2.16.2.jar:/home/npci-admin/Desktop/Shivam/kafka/kafka_2.13-3.7.1/bin/../libs/jackson-datatype-jdk8-2.16.2.jar:/home/npci-admin/Desktop/Shivam/kafka/kafka_2.13-3.7.1/bin/../libs/jackson-jaxrs-base-2.16.2.jar:/home/npci-admin/Desktop/Shivam/kafka/kafka_2.13-3.7.1/bin/../libs/jackson-jaxrs-json-provider-2.16.2.jar:/home/npci-admin/Desktop/Shivam/kafka/kafka_2.13-3.7.1/bin/../libs/jackson-module-jaxb-annotations-2.16.2.jar:/home/npci-admin/Desktop/Shivam/kafka/kafka_2.13-3.7.1/bin/../libs/jackson-module-scala_2.13-2.16.2.jar:/home/npci-admin/Desktop/Shivam/kafka/kafka_2.13-3.7.1/bin/../libs/jakarta.activation-api-1.2.2.jar:/home/npci-admin/Desktop/Shivam/kafka/kafka_2.13-3.7.1/bin/../libs/jakarta.annotation-api-1.3.5.jar:/home/npci-admin/Desktop/Shivam/kafka/kafka_2.13-3.7.1/bin/../libs/jakarta.inject-2.6.1.jar:/home/npci-admin/Desktop/Shivam/kafka/kafka_2.13-3.7.1/bin/../libs/jakarta.validation-api-2.0.2.jar:/home/npci-admin/Desktop/Shivam/kafka/kafka_2.13-3.7.1/bin/../libs/jakarta.ws.rs-api-2.1.6.jar:/home/npci-admin/Desktop/Shivam/kafka/kafka_2.13-3.7.1/bin/../libs/jakarta.xml.bind-api-2.3.3.jar:/home/npci-admin/Desktop/Shivam/kafka/kafka_2.13-3.7.1/bin/../libs/javassist-3.29.2-GA.jar:/home/npci-admin/Desktop/Shivam/kafka/kafka_2.13-3.7.1/bin/../libs/javax.activation-api-1.2.0.jar:/home/npci-admin/Desktop/Shivam/kafka/kafka_2.13-3.7.1/bin/../libs/javax.annotation-api-1.3.2.jar:/home/npci-admin/Desktop/Shivam/kafka/kafka_2.13-3.7.1/bin/../libs/javax.servlet-api-3.1.0.jar:/home/npci-admin/Desktop/Shivam/kafka/kafka_2.13-3.7.1/bin/../libs/javax.ws.rs-api-2.1.1.jar:/home/npci-admin/Desktop/Shivam/kafka/kafka_2.13-3.7.1/bin/../libs/jaxb-api-2.3.1.jar:/home/npci-admin/Desktop/Shivam/kafka/kafka_2.13-3.7.1/bin/../libs/jersey-client-2.39.1.jar:/home/npci-admin/Desktop/Shivam/kafka/kafka_2.13-3.7.1/bin/../libs/jersey-common-2.39.1.jar:/home/npci-admin/Desktop/Shivam/kafka/kafka_2.13-3.7.1/bin/../libs/jersey-container-servlet-2.39.1.jar:/home/npci-admin/Desktop/Shivam/kafka/kafka_2.13-3.7.1/bin/../libs/jersey-container-servlet-core-2.39.1.jar:/home/npci-admin/Desktop/Shivam/kafka/kafka_2.13-3.7.1/bin/../libs/jersey-hk2-2.39.1.jar:/home/npci-admin/Desktop/Shivam/kafka/kafka_2.13-3.7.1/bin/../libs/jersey-server-2.39.1.jar:/home/npci-admin/Desktop/Shivam/kafka/kafka_2.13-3.7.1/bin/../libs/jetty-client-9.4.54.v20240208.jar:/home/npci-admin/Desktop/Shivam/kafka/kafka_2.13-3.7.1/bin/../libs/jetty-continuation-9.4.54.v20240208.jar:/home/npci-admin/Desktop/Shivam/kafka/kafka_2.13-3.7.1/bin/../libs/jetty-http-9.4.54.v20240208.jar:/home/npci-admin/Desktop/Shivam/kafka/kafka_2.13-3.7.1/bin/../libs/jetty-io-9.4.54.v20240208.jar:/home/npci-admin/Desktop/Shivam/kafka/kafka_2.13-3.7.1/bin/../libs/jetty-security-9.4.54.v20240208.jar:/home/npci-admin/Desktop/Shivam/kafka/kafka_2.13-3.7.1/bin/../libs/jetty-server-9.4.54.v20240208.jar:/home/npci-admin/Desktop/Shivam/kafka/kafka_2.13-3.7.1/bin/../libs/jetty-servlet-9.4.54.v20240208.jar:/home/npci-admin/Desktop/Shivam/kafka/kafka_2.13-3.7.1/bin/../libs/jetty-servlets-9.4.54.v20240208.jar:/home/npci-admin/Desktop/Shivam/kafka/kafka_2.13-3.7.1/bin/../libs/jetty-util-9.4.54.v20240208.jar:/home/npci-admin/Desktop/Shivam/kafka/kafka_2.13-3.7.1/bin/../libs/jetty-util-ajax-9.4.54.v20240208.jar:/home/npci-admin/Desktop/Shivam/kafka/kafka_2.13-3.7.1/bin/../libs/jline-3.25.1.jar:/home/npci-admin/Desktop/Shivam/kafka/kafka_2.13-3.7.1/bin/../libs/jopt-simple-5.0.4.jar:/home/npci-admin/Desktop/Shivam/kafka/kafka_2.13-3.7.1/bin/../libs/jose4j-0.9.4.jar:/home/npci-admin/Desktop/Shivam/kafka/kafka_2.13-3.7.1/bin/../libs/jsr305-3.0.2.jar:/home/npci-admin/Desktop/Shivam/kafka/kafka_2.13-3.7.1/bin/../libs/kafka_2.13-3.7.1.jar:/home/npci-admin/Desktop/Shivam/kafka/kafka_2.13-3.7.1/bin/../libs/kafka-clients-3.7.1.jar:/home/npci-admin/Desktop/Shivam/kafka/kafka_2.13-3.7.1/bin/../libs/kafka-group-coordinator-3.7.1.jar:/home/npci-admin/Desktop/Shivam/kafka/kafka_2.13-3.7.1/bin/../libs/kafka-log4j-appender-3.7.1.jar:/home/npci-admin/Desktop/Shivam/kafka/kafka_2.13-3.7.1/bin/../libs/kafka-metadata-3.7.1.jar:/home/npci-admin/Desktop/Shivam/kafka/kafka_2.13-3.7.1/bin/../libs/kafka-raft-3.7.1.jar:/home/npci-admin/Desktop/Shivam/kafka/kafka_2.13-3.7.1/bin/../libs/kafka-server-3.7.1.jar:/home/npci-admin/Desktop/Shivam/kafka/kafka_2.13-3.7.1/bin/../libs/kafka-server-common-3.7.1.jar:/home/npci-admin/Desktop/Shivam/kafka/kafka_2.13-3.7.1/bin/../libs/kafka-shell-3.7.1.jar:/home/npci-admin/Desktop/Shivam/kafka/kafka_2.13-3.7.1/bin/../libs/kafka-storage-3.7.1.jar:/home/npci-admin/Desktop/Shivam/kafka/kafka_2.13-3.7.1/bin/../libs/kafka-storage-api-3.7.1.jar:/home/npci-admin/Desktop/Shivam/kafka/kafka_2.13-3.7.1/bin/../libs/kafka-streams-3.7.1.jar:/home/npci-admin/Desktop/Shivam/kafka/kafka_2.13-3.7.1/bin/../libs/kafka-streams-examples-3.7.1.jar:/home/npci-admin/Desktop/Shivam/kafka/kafka_2.13-3.7.1/bin/../libs/kafka-streams-scala_2.13-3.7.1.jar:/home/npci-admin/Desktop/Shivam/kafka/kafka_2.13-3.7.1/bin/../libs/kafka-streams-test-utils-3.7.1.jar:/home/npci-admin/Desktop/Shivam/kafka/kafka_2.13-3.7.1/bin/../libs/kafka-tools-3.7.1.jar:/home/npci-admin/Desktop/Shivam/kafka/kafka_2.13-3.7.1/bin/../libs/kafka-tools-api-3.7.1.jar:/home/npci-admin/Desktop/Shivam/kafka/kafka_2.13-3.7.1/bin/../libs/lz4-java-1.8.0.jar:/home/npci-admin/Desktop/Shivam/kafka/kafka_2.13-3.7.1/bin/../libs/maven-artifact-3.8.8.jar:/home/npci-admin/Desktop/Shivam/kafka/kafka_2.13-3.7.1/bin/../libs/metrics-core-2.2.0.jar:/home/npci-admin/Desktop/Shivam/kafka/kafka_2.13-3.7.1/bin/../libs/metrics-core-4.1.12.1.jar:/home/npci-admin/Desktop/Shivam/kafka/kafka_2.13-3.7.1/bin/../libs/netty-buffer-4.1.110.Final.jar:/home/npci-admin/Desktop/Shivam/kafka/kafka_2.13-3.7.1/bin/../libs/netty-codec-4.1.110.Final.jar:/home/npci-admin/Desktop/Shivam/kafka/kafka_2.13-3.7.1/bin/../libs/netty-common-4.1.110.Final.jar:/home/npci-admin/Desktop/Shivam/kafka/kafka_2.13-3.7.1/bin/../libs/netty-handler-4.1.110.Final.jar:/home/npci-admin/Desktop/Shivam/kafka/kafka_2.13-3.7.1/bin/../libs/netty-resolver-4.1.110.Final.jar:/home/npci-admin/Desktop/Shivam/kafka/kafka_2.13-3.7.1/bin/../libs/netty-transport-4.1.110.Final.jar:/home/npci-admin/Desktop/Shivam/kafka/kafka_2.13-3.7.1/bin/../libs/netty-transport-classes-epoll-4.1.110.Final.jar:/home/npci-admin/Desktop/Shivam/kafka/kafka_2.13-3.7.1/bin/../libs/netty-transport-native-epoll-4.1.110.Final.jar:/home/npci-admin/Desktop/Shivam/kafka/kafka_2.13-3.7.1/bin/../libs/netty-transport-native-unix-common-4.1.110.Final.jar:/home/npci-admin/Desktop/Shivam/kafka/kafka_2.13-3.7.1/bin/../libs/opentelemetry-proto-1.0.0-alpha.jar:/home/npci-admin/Desktop/Shivam/kafka/kafka_2.13-3.7.1/bin/../libs/osgi-resource-locator-1.0.3.jar:/home/npci-admin/Desktop/Shivam/kafka/kafka_2.13-3.7.1/bin/../libs/paranamer-2.8.jar:/home/npci-admin/Desktop/Shivam/kafka/kafka_2.13-3.7.1/bin/../libs/pcollections-4.0.1.jar:/home/npci-admin/Desktop/Shivam/kafka/kafka_2.13-3.7.1/bin/../libs/plexus-utils-3.3.1.jar:/home/npci-admin/Desktop/Shivam/kafka/kafka_2.13-3.7.1/bin/../libs/protobuf-java-3.23.4.jar:/home/npci-admin/Desktop/Shivam/kafka/kafka_2.13-3.7.1/bin/../libs/reflections-0.10.2.jar:/home/npci-admin/Desktop/Shivam/kafka/kafka_2.13-3.7.1/bin/../libs/reload4j-1.2.25.jar:/home/npci-admin/Desktop/Shivam/kafka/kafka_2.13-3.7.1/bin/../libs/rocksdbjni-7.9.2.jar:/home/npci-admin/Desktop/Shivam/kafka/kafka_2.13-3.7.1/bin/../libs/scala-collection-compat_2.13-2.10.0.jar:/home/npci-admin/Desktop/Shivam/kafka/kafka_2.13-3.7.1/bin/../libs/scala-java8-compat_2.13-1.0.2.jar:/home/npci-admin/Desktop/Shivam/kafka/kafka_2.13-3.7.1/bin/../libs/scala-library-2.13.12.jar:/home/npci-admin/Desktop/Shivam/kafka/kafka_2.13-3.7.1/bin/../libs/scala-logging_2.13-3.9.4.jar:/home/npci-admin/Desktop/Shivam/kafka/kafka_2.13-3.7.1/bin/../libs/scala-reflect-2.13.12.jar:/home/npci-admin/Desktop/Shivam/kafka/kafka_2.13-3.7.1/bin/../libs/slf4j-api-1.7.36.jar:/home/npci-admin/Desktop/Shivam/kafka/kafka_2.13-3.7.1/bin/../libs/slf4j-reload4j-1.7.36.jar:/home/npci-admin/Desktop/Shivam/kafka/kafka_2.13-3.7.1/bin/../libs/snappy-java-1.1.10.5.jar:/home/npci-admin/Desktop/Shivam/kafka/kafka_2.13-3.7.1/bin/../libs/swagger-annotations-2.2.8.jar:/home/npci-admin/Desktop/Shivam/kafka/kafka_2.13-3.7.1/bin/../libs/trogdor-3.7.1.jar:/home/npci-admin/Desktop/Shivam/kafka/kafka_2.13-3.7.1/bin/../libs/zookeeper-3.8.4.jar:/home/npci-admin/Desktop/Shivam/kafka/kafka_2.13-3.7.1/bin/../libs/zookeeper-jute-3.8.4.jar:/home/npci-admin/Desktop/Shivam/kafka/kafka_2.13-3.7.1/bin/../libs/zstd-jni-1.5.6-3.jar (org.apache.zookeeper.server.ZooKeeperServer)
[2024-08-23 09:56:34,653] INFO Server environment:java.library.path=/usr/java/packages/lib:/usr/lib/x86_64-linux-gnu/jni:/lib/x86_64-linux-gnu:/usr/lib/x86_64-linux-gnu:/usr/lib/jni:/lib:/usr/lib (org.apache.zookeeper.server.ZooKeeperServer)
[2024-08-23 09:56:34,653] INFO Server environment:java.io.tmpdir=/tmp (org.apache.zookeeper.server.ZooKeeperServer)
[2024-08-23 09:56:34,653] INFO Server environment:java.compiler=<NA> (org.apache.zookeeper.server.ZooKeeperServer)
[2024-08-23 09:56:34,653] INFO Server environment:os.name=Linux (org.apache.zookeeper.server.ZooKeeperServer)
[2024-08-23 09:56:34,653] INFO Server environment:os.arch=amd64 (org.apache.zookeeper.server.ZooKeeperServer)
[2024-08-23 09:56:34,653] INFO Server environment:os.version=5.15.0-117-generic (org.apache.zookeeper.server.ZooKeeperServer)
[2024-08-23 09:56:34,653] INFO Server environment:user.name=npci-admin (org.apache.zookeeper.server.ZooKeeperServer)
[2024-08-23 09:56:34,653] INFO Server environment:user.home=/home/npci-admin (org.apache.zookeeper.server.ZooKeeperServer)
[2024-08-23 09:56:34,653] INFO Server environment:user.dir=/home/npci-admin/Desktop/Shivam/kafka/kafka_2.13-3.7.1 (org.apache.zookeeper.server.ZooKeeperServer)
[2024-08-23 09:56:34,653] INFO Server environment:os.memory.free=494MB (org.apache.zookeeper.server.ZooKeeperServer)
[2024-08-23 09:56:34,653] INFO Server environment:os.memory.max=512MB (org.apache.zookeeper.server.ZooKeeperServer)
[2024-08-23 09:56:34,653] INFO Server environment:os.memory.total=512MB (org.apache.zookeeper.server.ZooKeeperServer)
[2024-08-23 09:56:34,654] INFO zookeeper.enableEagerACLCheck = false (org.apache.zookeeper.server.ZooKeeperServer)
[2024-08-23 09:56:34,654] INFO zookeeper.digest.enabled = true (org.apache.zookeeper.server.ZooKeeperServer)
[2024-08-23 09:56:34,654] INFO zookeeper.closeSessionTxn.enabled = true (org.apache.zookeeper.server.ZooKeeperServer)
[2024-08-23 09:56:34,654] INFO zookeeper.flushDelay = 0 ms (org.apache.zookeeper.server.ZooKeeperServer)
[2024-08-23 09:56:34,654] INFO zookeeper.maxWriteQueuePollTime = 0 ms (org.apache.zookeeper.server.ZooKeeperServer)
[2024-08-23 09:56:34,654] INFO zookeeper.maxBatchSize=1000 (org.apache.zookeeper.server.ZooKeeperServer)
[2024-08-23 09:56:34,654] INFO zookeeper.intBufferStartingSizeBytes = 1024 (org.apache.zookeeper.server.ZooKeeperServer)
[2024-08-23 09:56:34,655] INFO Weighed connection throttling is disabled (org.apache.zookeeper.server.BlueThrottle)
[2024-08-23 09:56:34,656] INFO minSessionTimeout set to 6000 ms (org.apache.zookeeper.server.ZooKeeperServer)
[2024-08-23 09:56:34,656] INFO maxSessionTimeout set to 60000 ms (org.apache.zookeeper.server.ZooKeeperServer)
[2024-08-23 09:56:34,657] INFO getData response cache size is initialized with value 400. (org.apache.zookeeper.server.ResponseCache)
[2024-08-23 09:56:34,657] INFO getChildren response cache size is initialized with value 400. (org.apache.zookeeper.server.ResponseCache)
[2024-08-23 09:56:34,658] INFO zookeeper.pathStats.slotCapacity = 60 (org.apache.zookeeper.server.util.RequestPathMetricsCollector)
[2024-08-23 09:56:34,658] INFO zookeeper.pathStats.slotDuration = 15 (org.apache.zookeeper.server.util.RequestPathMetricsCollector)
[2024-08-23 09:56:34,658] INFO zookeeper.pathStats.maxDepth = 6 (org.apache.zookeeper.server.util.RequestPathMetricsCollector)
[2024-08-23 09:56:34,658] INFO zookeeper.pathStats.initialDelay = 5 (org.apache.zookeeper.server.util.RequestPathMetricsCollector)
[2024-08-23 09:56:34,658] INFO zookeeper.pathStats.delay = 5 (org.apache.zookeeper.server.util.RequestPathMetricsCollector)
[2024-08-23 09:56:34,658] INFO zookeeper.pathStats.enabled = false (org.apache.zookeeper.server.util.RequestPathMetricsCollector)
[2024-08-23 09:56:34,660] INFO The max bytes for all large requests are set to 104857600 (org.apache.zookeeper.server.ZooKeeperServer)
[2024-08-23 09:56:34,660] INFO The large request threshold is set to -1 (org.apache.zookeeper.server.ZooKeeperServer)
[2024-08-23 09:56:34,660] INFO zookeeper.enforce.auth.enabled = false (org.apache.zookeeper.server.AuthenticationHelper)
[2024-08-23 09:56:34,660] INFO zookeeper.enforce.auth.schemes = [] (org.apache.zookeeper.server.AuthenticationHelper)
[2024-08-23 09:56:34,660] INFO Created server with tickTime 3000 ms minSessionTimeout 6000 ms maxSessionTimeout 60000 ms clientPortListenBacklog -1 datadir /tmp/zookeeper/version-2 snapdir /tmp/zookeeper/version-2 (org.apache.zookeeper.server.ZooKeeperServer)
[2024-08-23 09:56:34,664] INFO Using org.apache.zookeeper.server.NIOServerCnxnFactory as server connection factory (org.apache.zookeeper.server.ServerCnxnFactory)
[2024-08-23 09:56:34,665] WARN maxCnxns is not configured, using default value 0. (org.apache.zookeeper.server.ServerCnxnFactory)
[2024-08-23 09:56:34,666] INFO Configuring NIO connection handler with 10s sessionless connection timeout, 2 selector thread(s), 16 worker threads, and 64 kB direct buffers. (org.apache.zookeeper.server.NIOServerCnxnFactory)
[2024-08-23 09:56:34,670] INFO binding to port 0.0.0.0/0.0.0.0:2181 (org.apache.zookeeper.server.NIOServerCnxnFactory)
[2024-08-23 09:56:34,680] INFO Using org.apache.zookeeper.server.watch.WatchManager as watch manager (org.apache.zookeeper.server.watch.WatchManagerFactory)
[2024-08-23 09:56:34,680] INFO Using org.apache.zookeeper.server.watch.WatchManager as watch manager (org.apache.zookeeper.server.watch.WatchManagerFactory)
[2024-08-23 09:56:34,680] INFO zookeeper.snapshotSizeFactor = 0.33 (org.apache.zookeeper.server.ZKDatabase)
[2024-08-23 09:56:34,680] INFO zookeeper.commitLogCount=500 (org.apache.zookeeper.server.ZKDatabase)
[2024-08-23 09:56:34,683] INFO zookeeper.snapshot.compression.method = CHECKED (org.apache.zookeeper.server.persistence.SnapStream)
[2024-08-23 09:56:34,683] INFO Reading snapshot /tmp/zookeeper/version-2/snapshot.0 (org.apache.zookeeper.server.persistence.FileSnap)
[2024-08-23 09:56:34,685] INFO The digest value is empty in snapshot (org.apache.zookeeper.server.DataTree)
[2024-08-23 09:56:34,701] INFO ZooKeeper audit is disabled. (org.apache.zookeeper.audit.ZKAuditProvider)
[2024-08-23 09:56:34,702] INFO 85 txns loaded in 13 ms (org.apache.zookeeper.server.persistence.FileTxnSnapLog)
[2024-08-23 09:56:34,702] INFO Snapshot loaded in 22 ms, highest zxid is 0x55, digest is 68811847612 (org.apache.zookeeper.server.ZKDatabase)
[2024-08-23 09:56:34,703] INFO Snapshotting: 0x55 to /tmp/zookeeper/version-2/snapshot.55 (org.apache.zookeeper.server.persistence.FileTxnSnapLog)
[2024-08-23 09:56:34,704] INFO Snapshot taken in 1 ms (org.apache.zookeeper.server.ZooKeeperServer)
[2024-08-23 09:56:34,710] INFO PrepRequestProcessor (sid:0) started, reconfigEnabled=false (org.apache.zookeeper.server.PrepRequestProcessor)
[2024-08-23 09:56:34,710] INFO zookeeper.request_throttler.shutdownTimeout = 10000 ms (org.apache.zookeeper.server.RequestThrottler)
[2024-08-23 09:56:34,722] INFO Using checkIntervalMs=60000 maxPerMinute=10000 maxNeverUsedIntervalMs=0 (org.apache.zookeeper.server.ContainerManager)
[2024-08-23 09:58:03,489] INFO Creating new log file: log.56 (org.apache.zookeeper.server.persistence.FileTxnLog)
